
[22-01-12 15:32:11] - http://www.vulnweb.com:80/basic - Cannot connect to: www.vulnweb.com:80
[22-01-12 15:32:11] - http://www.vulnweb.com:80/assos - Cannot connect to: www.vulnweb.com:80
[22-01-12 15:32:11] - http://www.vulnweb.com:80/artforms - Cannot connect to: www.vulnweb.com:80
[22-01-12 15:32:11] - http://www.vulnweb.com:80/bdgest - Cannot connect to: www.vulnweb.com:80
[22-01-12 15:32:12] - http://www.vulnweb.com:80/audio_bid_confirm - Cannot connect to: www.vulnweb.com:80
[22-01-12 15:32:12] - http://www.vulnweb.com:80/atmail - Cannot connect to: www.vulnweb.com:80
[22-01-12 15:32:12] - http://www.vulnweb.com:80/archboot - Cannot connect to: www.vulnweb.com:80
[22-01-12 15:32:12] - http://www.vulnweb.com:80/autocomplete - Cannot connect to: www.vulnweb.com:80
[22-01-12 15:32:12] - http://www.vulnweb.com:80/baachart - Cannot connect to: www.vulnweb.com:80
[22-01-12 15:32:12] - http://www.vulnweb.com:80/be_utf8 - Cannot connect to: www.vulnweb.com:80
[22-01-12 15:32:13] - http://www.vulnweb.com:80/area1 - Cannot connect to: www.vulnweb.com:80
[22-01-12 15:32:14] - http://www.vulnweb.com:80/base_code - Cannot connect to: www.vulnweb.com:80
[22-01-12 15:32:14] - http://www.vulnweb.com:80/autobiographes.com/ - Cannot connect to: www.vulnweb.com:80
[22-01-12 15:32:14] - http://www.vulnweb.com:80/askisis - Cannot connect to: www.vulnweb.com:80
[22-01-12 15:32:14] - http://www.vulnweb.com:80/arielle_whitelinen - Cannot connect to: www.vulnweb.com:80
[22-01-12 15:32:14] - http://www.vulnweb.com:80/autoblogged - Cannot connect to: www.vulnweb.com:80
[22-01-12 15:32:14] - http://www.vulnweb.com:80/asdasd - Cannot connect to: www.vulnweb.com:80
[22-01-12 15:32:14] - http://www.vulnweb.com:80/area4 - Cannot connect to: www.vulnweb.com:80
[22-01-12 15:32:14] - http://www.vulnweb.com:80/atrac2.0 - Cannot connect to: www.vulnweb.com:80
[22-01-12 15:32:14] - http://www.vulnweb.com:80/bash - Cannot connect to: www.vulnweb.com:80
[22-01-12 15:32:14] - http://www.vulnweb.com:80/authuser - Cannot connect to: www.vulnweb.com:80
[22-01-12 15:32:14] - http://www.vulnweb.com:80/bbacev3_5 - Cannot connect to: www.vulnweb.com:80
[22-01-12 15:32:14] - http://www.vulnweb.com:80/artistas - Cannot connect to: www.vulnweb.com:80
[22-01-12 15:32:14] - http://www.vulnweb.com:80/battery_files - Cannot connect to: www.vulnweb.com:80
[22-01-12 15:32:14] - http://www.vulnweb.com:80/autofs - Cannot connect to: www.vulnweb.com:80
[22-01-12 15:32:14] - http://www.vulnweb.com:80/atrac2.2 - Cannot connect to: www.vulnweb.com:80
[22-01-12 15:32:14] - http://www.vulnweb.com:80/aspnet_client - Cannot connect to: www.vulnweb.com:80
[22-01-12 15:32:14] - http://www.vulnweb.com:80/archive3 - Cannot connect to: www.vulnweb.com:80
[22-01-12 15:32:16] - http://www.vulnweb.com:80/azspace.net/ - Cannot connect to: www.vulnweb.com:80
[22-01-12 15:32:16] - http://www.vulnweb.com:80/arialist - Cannot connect to: www.vulnweb.com:80
[22-01-12 15:32:16] - http://www.vulnweb.com:80/ayodhya - Cannot connect to: www.vulnweb.com:80
[22-01-12 15:32:16] - http://www.vulnweb.com:80/archive4 - Cannot connect to: www.vulnweb.com:80
[22-01-12 15:32:16] - http://www.vulnweb.com:80/atrac2.1 - Cannot connect to: www.vulnweb.com:80
[22-01-12 15:32:16] - http://www.vulnweb.com:80/backtrace - Cannot connect to: www.vulnweb.com:80
[22-01-12 15:32:16] - http://www.vulnweb.com:80/apache22 - Cannot connect to: www.vulnweb.com:80
[22-01-12 15:32:16] - http://www.vulnweb.com:80/archive360 - Cannot connect to: www.vulnweb.com:80
[22-01-12 15:32:16] - http://www.vulnweb.com:80/ausindia - Cannot connect to: www.vulnweb.com:80
[22-01-12 15:32:16] - http://www.vulnweb.com:80/beauty_school - Cannot connect to: www.vulnweb.com:80
[22-01-12 15:33:29] - http://rest.vulnweb.com:80/.aws/ - Cannot connect to: rest.vulnweb.com:80
[22-01-12 15:33:29] - http://rest.vulnweb.com:80/jspx.bak - Cannot connect to: rest.vulnweb.com:80
[22-01-12 15:33:29] - http://rest.vulnweb.com:80/do.tar - Cannot connect to: rest.vulnweb.com:80
[22-01-12 15:33:29] - http://rest.vulnweb.com:80/jspx.tar - Cannot connect to: rest.vulnweb.com:80
[22-01-12 15:33:29] - http://rest.vulnweb.com:80/.aspx - Cannot connect to: rest.vulnweb.com:80
[22-01-12 15:33:29] - http://rest.vulnweb.com:80/.bash_logout - Cannot connect to: rest.vulnweb.com:80
[22-01-12 15:33:29] - http://rest.vulnweb.com:80/.bootstraprc - Cannot connect to: rest.vulnweb.com:80
[22-01-12 15:33:29] - http://rest.vulnweb.com:80/.binstar.yml - Cannot connect to: rest.vulnweb.com:80
[22-01-12 15:33:29] - http://rest.vulnweb.com:80/php.php - Cannot connect to: rest.vulnweb.com:80
[22-01-12 15:33:29] - http://rest.vulnweb.com:80/.bak_0.log - Cannot connect to: rest.vulnweb.com:80
[22-01-12 15:33:29] - http://rest.vulnweb.com:80/ashx.old - Cannot connect to: rest.vulnweb.com:80
[22-01-12 15:33:29] - http://rest.vulnweb.com:80/html.tar - Cannot connect to: rest.vulnweb.com:80
[22-01-12 15:33:29] - http://rest.vulnweb.com:80/php.tar - Cannot connect to: rest.vulnweb.com:80
[22-01-12 15:33:29] - http://rest.vulnweb.com:80/.bak - Cannot connect to: rest.vulnweb.com:80
[22-01-12 15:33:29] - http://rest.vulnweb.com:80/.bower-tmp - Cannot connect to: rest.vulnweb.com:80
[22-01-12 15:33:29] - http://rest.vulnweb.com:80/html.php - Cannot connect to: rest.vulnweb.com:80
[22-01-12 15:33:29] - http://rest.vulnweb.com:80/aspx - Cannot connect to: rest.vulnweb.com:80
[22-01-12 15:33:29] - http://rest.vulnweb.com:80/.bash_profile - Cannot connect to: rest.vulnweb.com:80
[22-01-12 15:33:29] - http://rest.vulnweb.com:80/.bluemix/pipeline.yaml - Cannot connect to: rest.vulnweb.com:80
[22-01-12 15:33:29] - http://rest.vulnweb.com:80/.admin - Cannot connect to: rest.vulnweb.com:80
[22-01-12 15:33:29] - http://rest.vulnweb.com:80/aspx.old - Cannot connect to: rest.vulnweb.com:80
[22-01-12 15:33:29] - http://rest.vulnweb.com:80/!.gitignore - Cannot connect to: rest.vulnweb.com:80
[22-01-12 15:33:29] - http://rest.vulnweb.com:80/.blg - Cannot connect to: rest.vulnweb.com:80
[22-01-12 15:33:29] - http://rest.vulnweb.com:80/jsp.tgz - Cannot connect to: rest.vulnweb.com:80
[22-01-12 15:33:29] - http://rest.vulnweb.com:80/jsp.tar - Cannot connect to: rest.vulnweb.com:80
[22-01-12 15:33:29] - http://rest.vulnweb.com:80/.azure/accesstokens.json - Cannot connect to: rest.vulnweb.com:80
[22-01-12 15:33:29] - http://rest.vulnweb.com:80/.bashrc - Cannot connect to: rest.vulnweb.com:80
[22-01-12 15:33:29] - http://rest.vulnweb.com:80/jspx.tgz - Cannot connect to: rest.vulnweb.com:80
[22-01-12 15:33:29] - http://rest.vulnweb.com:80/.adm - Cannot connect to: rest.vulnweb.com:80
[22-01-12 15:33:29] - http://rest.vulnweb.com:80/jsp.php - Cannot connect to: rest.vulnweb.com:80
[22-01-12 15:33:29] - http://rest.vulnweb.com:80/.bower-registry - Cannot connect to: rest.vulnweb.com:80
[22-01-12 15:33:29] - http://rest.vulnweb.com:80/.atom/config.cson - Cannot connect to: rest.vulnweb.com:80
[22-01-12 15:33:29] - http://rest.vulnweb.com:80/.bower-cache - Cannot connect to: rest.vulnweb.com:80
[22-01-12 15:33:29] - http://rest.vulnweb.com:80/.bash_aliases - Cannot connect to: rest.vulnweb.com:80
[22-01-12 15:33:29] - http://rest.vulnweb.com:80/js.tgz - Cannot connect to: rest.vulnweb.com:80
[22-01-12 15:33:29] - http://rest.vulnweb.com:80/php.tgz - Cannot connect to: rest.vulnweb.com:80
[22-01-12 15:33:29] - http://rest.vulnweb.com:80/.accdb - Cannot connect to: rest.vulnweb.com:80
[22-01-12 15:33:29] - http://rest.vulnweb.com:80/jsp - Cannot connect to: rest.vulnweb.com:80
[22-01-12 15:33:32] - http://rest.vulnweb.com:80/.configuration - Cannot connect to: rest.vulnweb.com:80
[22-01-12 15:33:36] - http://rest.vulnweb.com:80/.gwt-tmp/ - Cannot connect to: rest.vulnweb.com:80
[22-01-12 15:33:36] - http://rest.vulnweb.com:80/.helm/values.yaml - Cannot connect to: rest.vulnweb.com:80
[22-01-12 15:33:36] - http://rest.vulnweb.com:80/.helm/values.conf - Cannot connect to: rest.vulnweb.com:80
[22-01-12 15:33:36] - http://rest.vulnweb.com:80/.hg/hgrc - Cannot connect to: rest.vulnweb.com:80
[22-01-12 15:33:36] - http://rest.vulnweb.com:80/.hgignore.global - Cannot connect to: rest.vulnweb.com:80
[22-01-12 15:33:36] - http://rest.vulnweb.com:80/.histfile - Cannot connect to: rest.vulnweb.com:80
[22-01-12 15:33:36] - http://rest.vulnweb.com:80/.hhconfig - Cannot connect to: rest.vulnweb.com:80
[22-01-12 15:33:43] - http://rest.vulnweb.com:80/.name - Cannot connect to: rest.vulnweb.com:80
[22-01-12 15:34:07] - http://rest.vulnweb.com:80/wayne - Cannot connect to: rest.vulnweb.com:80
[22-01-12 15:34:22] - http://rest.vulnweb.com:80/saad - Cannot connect to: rest.vulnweb.com:80