
[21-11-08 12:59:59] - http://plusone.17xueba.com:8020/jspx.zip - Cannot connect to: plusone.17xueba.com:8020
[21-11-08 12:59:59] - http://plusone.17xueba.com:8020/html.tar - Cannot connect to: plusone.17xueba.com:8020
[21-11-08 12:59:59] - http://plusone.17xueba.com:8020/.angular-cli.json - Cannot connect to: plusone.17xueba.com:8020
[21-11-08 12:59:59] - http://plusone.17xueba.com:8020/html.zip - Cannot connect to: plusone.17xueba.com:8020
[21-11-08 12:59:59] - http://plusone.17xueba.com:8020/.adm - Cannot connect to: plusone.17xueba.com:8020
[21-11-08 12:59:59] - http://plusone.17xueba.com:8020/.ansible/ - Cannot connect to: plusone.17xueba.com:8020
[21-11-08 12:59:59] - http://plusone.17xueba.com:8020/!.htaccess - Cannot connect to: plusone.17xueba.com:8020
[21-11-08 12:59:59] - http://plusone.17xueba.com:8020/.appledesktop - Cannot connect to: plusone.17xueba.com:8020
[21-11-08 12:59:59] - http://plusone.17xueba.com:8020/do.txt - Cannot connect to: plusone.17xueba.com:8020
[21-11-08 12:59:59] - http://plusone.17xueba.com:8020/..;/ - Cannot connect to: plusone.17xueba.com:8020
[21-11-08 12:59:59] - http://plusone.17xueba.com:8020/.addressbook - Cannot connect to: plusone.17xueba.com:8020
[21-11-08 12:59:59] - http://plusone.17xueba.com:8020/jspx.bak - Cannot connect to: plusone.17xueba.com:8020
[21-11-08 12:59:59] - http://plusone.17xueba.com:8020/.admin - Cannot connect to: plusone.17xueba.com:8020
[21-11-08 12:59:59] - http://plusone.17xueba.com:8020/.appledb - Cannot connect to: plusone.17xueba.com:8020
[21-11-08 12:59:59] - http://plusone.17xueba.com:8020/jspx - Cannot connect to: plusone.17xueba.com:8020
[21-11-08 12:59:59] - http://plusone.17xueba.com:8020/do.old - Cannot connect to: plusone.17xueba.com:8020
[21-11-08 13:00:09] - http://plusone.17xueba.com:8020/monaca - Cannot connect to: plusone.17xueba.com:8020
[21-11-08 13:00:14] - http://plusone.17xueba.com:8020/bosque - Cannot connect to: plusone.17xueba.com:8020
[21-11-08 13:00:14] - http://plusone.17xueba.com:8020/borel - Cannot connect to: plusone.17xueba.com:8020
[21-11-08 13:00:14] - http://plusone.17xueba.com:8020/boo - Cannot connect to: plusone.17xueba.com:8020
[21-11-08 13:00:14] - http://plusone.17xueba.com:8020/booboo - Cannot connect to: plusone.17xueba.com:8020
[21-11-08 13:00:14] - http://plusone.17xueba.com:8020/boole - Cannot connect to: plusone.17xueba.com:8020
[21-11-08 13:00:14] - http://plusone.17xueba.com:8020/boojum - Cannot connect to: plusone.17xueba.com:8020
[21-11-08 13:00:14] - http://plusone.17xueba.com:8020/bootes - Cannot connect to: plusone.17xueba.com:8020
[21-11-08 13:00:18] - http://plusone.17xueba.com:8020/tornado - Cannot connect to: plusone.17xueba.com:8020
[21-11-08 13:00:20] - http://plusone.17xueba.com:8020/sft - Cannot connect to: plusone.17xueba.com:8020
[21-11-08 13:00:20] - http://plusone.17xueba.com:8020/sfoclan6 - Cannot connect to: plusone.17xueba.com:8020
[21-11-08 13:00:21] - http://plusone.17xueba.com:8020/pv - Cannot connect to: plusone.17xueba.com:8020
[21-11-08 13:00:26] - http://plusone.17xueba.com:8020/netcom2 - Cannot connect to: plusone.17xueba.com:8020
[21-11-08 13:00:26] - http://plusone.17xueba.com:8020/netmgrtoo - Cannot connect to: plusone.17xueba.com:8020
[21-11-08 13:00:26] - http://plusone.17xueba.com:8020/netcom6 - Cannot connect to: plusone.17xueba.com:8020
[21-11-08 13:00:26] - http://plusone.17xueba.com:8020/netcom0 - Cannot connect to: plusone.17xueba.com:8020
[21-11-08 13:00:26] - http://plusone.17xueba.com:8020/netcom9 - Cannot connect to: plusone.17xueba.com:8020
[21-11-08 13:00:26] - http://plusone.17xueba.com:8020/netcs - Cannot connect to: plusone.17xueba.com:8020
[21-11-08 13:00:26] - http://plusone.17xueba.com:8020/netlabs - Cannot connect to: plusone.17xueba.com:8020
[21-11-08 13:00:26] - http://plusone.17xueba.com:8020/netd - Cannot connect to: plusone.17xueba.com:8020
[21-11-08 13:00:29] - http://plusone.17xueba.com:8020/ippnet - Cannot connect to: plusone.17xueba.com:8020
[21-11-08 13:00:29] - http://plusone.17xueba.com:8020/iport - Cannot connect to: plusone.17xueba.com:8020
[21-11-08 13:00:29] - http://plusone.17xueba.com:8020/ipnet6 - Cannot connect to: plusone.17xueba.com:8020
[21-11-08 13:00:29] - http://plusone.17xueba.com:8020/ipsj - Cannot connect to: plusone.17xueba.com:8020
[21-11-08 13:00:29] - http://plusone.17xueba.com:8020/iprj - Cannot connect to: plusone.17xueba.com:8020
[21-11-08 13:00:29] - http://plusone.17xueba.com:8020/ipto - Cannot connect to: plusone.17xueba.com:8020
[21-11-08 13:00:32] - http://plusone.17xueba.com:8020/fil - Cannot connect to: plusone.17xueba.com:8020
[21-11-08 13:00:36] - http://plusone.17xueba.com:8020/ceap1 - Cannot connect to: plusone.17xueba.com:8020
[21-11-08 13:00:42] - http://plusone.17xueba.com:8020/galerie800600 - Cannot connect to: plusone.17xueba.com:8020
[21-11-08 13:00:42] - http://plusone.17xueba.com:8020/ftp.ubuntu.com - Cannot connect to: plusone.17xueba.com:8020
[21-11-08 13:00:42] - http://plusone.17xueba.com:8020/ftpuser - Cannot connect to: plusone.17xueba.com:8020
[21-11-08 13:00:42] - http://plusone.17xueba.com:8020/fueleconomysolutions - Cannot connect to: plusone.17xueba.com:8020
[21-11-08 13:00:43] - http://plusone.17xueba.com:8020/bitmaps - Cannot connect to: plusone.17xueba.com:8020
[21-11-08 13:00:45] - http://plusone.17xueba.com:8020/dell_dim2100 - Cannot connect to: plusone.17xueba.com:8020
[21-11-08 13:00:46] - http://plusone.17xueba.com:8020/2010100101 - Cannot connect to: plusone.17xueba.com:8020
[21-11-08 13:00:46] - http://plusone.17xueba.com:8020/2010081801 - Cannot connect to: plusone.17xueba.com:8020
[21-11-08 13:00:46] - http://plusone.17xueba.com:8020/2010080202 - Cannot connect to: plusone.17xueba.com:8020
[21-11-08 13:00:46] - http://plusone.17xueba.com:8020/2010090201 - Cannot connect to: plusone.17xueba.com:8020
[21-11-08 13:00:46] - http://plusone.17xueba.com:8020/2010090202 - Cannot connect to: plusone.17xueba.com:8020
[21-11-08 13:00:48] - http://plusone.17xueba.com:8020/000037 - Cannot connect to: plusone.17xueba.com:8020
[21-11-08 13:00:48] - http://plusone.17xueba.com:8020/000049 - Cannot connect to: plusone.17xueba.com:8020
[21-11-08 13:00:48] - http://plusone.17xueba.com:8020/2017.zip - Cannot connect to: plusone.17xueba.com:8020
[21-11-08 13:00:49] - http://plusone.17xueba.com:8020/updates.txt - Cannot connect to: plusone.17xueba.com:8020
[21-11-08 13:00:49] - http://plusone.17xueba.com:8020/thankyou.do - Cannot connect to: plusone.17xueba.com:8020
[21-11-08 13:00:49] - http://plusone.17xueba.com:8020/upgradelog.xml - Cannot connect to: plusone.17xueba.com:8020
[21-11-08 13:00:49] - http://plusone.17xueba.com:8020/thankyou.ashx - Cannot connect to: plusone.17xueba.com:8020
[21-11-08 13:00:49] - http://plusone.17xueba.com:8020/upgrade_readme.txt - Cannot connect to: plusone.17xueba.com:8020
[21-11-08 13:00:51] - http://plusone.17xueba.com:8020/admin_guestbook.jspx - Cannot connect to: plusone.17xueba.com:8020
[21-11-08 13:00:51] - http://plusone.17xueba.com:8020/admin_forums.html - Cannot connect to: plusone.17xueba.com:8020
[21-11-08 13:01:06] - http://plusone.17xueba.com:8020/parts/ - Cannot connect to: plusone.17xueba.com:8020
[21-11-08 13:01:06] - http://plusone.17xueba.com:8020/panel.jspx - Cannot connect to: plusone.17xueba.com:8020
[21-11-08 13:01:06] - http://plusone.17xueba.com:8020/panel.jsp - Cannot connect to: plusone.17xueba.com:8020
[21-11-08 13:01:06] - http://plusone.17xueba.com:8020/panel-administracion/login.php - Cannot connect to: plusone.17xueba.com:8020
[21-11-08 13:01:06] - http://plusone.17xueba.com:8020/pass.dat - Cannot connect to: plusone.17xueba.com:8020
[21-11-08 13:01:06] - http://plusone.17xueba.com:8020/panel.php - Cannot connect to: plusone.17xueba.com:8020
[21-11-08 13:01:06] - http://plusone.17xueba.com:8020/panel.ashx - Cannot connect to: plusone.17xueba.com:8020
[21-11-08 13:01:06] - http://plusone.17xueba.com:8020/panel.js - Cannot connect to: plusone.17xueba.com:8020
[21-11-08 13:01:06] - http://plusone.17xueba.com:8020/panel-administracion/login.aspx - Cannot connect to: plusone.17xueba.com:8020
[21-11-08 13:01:06] - http://plusone.17xueba.com:8020/panel-administracion/login.html - Cannot connect to: plusone.17xueba.com:8020
[21-11-08 13:01:06] - http://plusone.17xueba.com:8020/panel.do - Cannot connect to: plusone.17xueba.com:8020
[21-11-08 13:01:09] - http://plusone.17xueba.com:8020/uvpanel/ - Cannot connect to: plusone.17xueba.com:8020
[21-11-08 13:01:09] - http://plusone.17xueba.com:8020/v2/ - Cannot connect to: plusone.17xueba.com:8020
[21-11-08 13:01:09] - http://plusone.17xueba.com:8020/var.aspx - Cannot connect to: plusone.17xueba.com:8020
[21-11-08 13:01:09] - http://plusone.17xueba.com:8020/vadmin.js - Cannot connect to: plusone.17xueba.com:8020
[21-11-08 13:01:09] - http://plusone.17xueba.com:8020/vagrant-spec.config.rb - Cannot connect to: plusone.17xueba.com:8020
[21-11-08 13:01:09] - http://plusone.17xueba.com:8020/vadmin.ashx - Cannot connect to: plusone.17xueba.com:8020
[21-11-08 13:01:09] - http://plusone.17xueba.com:8020/vagrant/ - Cannot connect to: plusone.17xueba.com:8020
[21-11-08 13:01:11] - http://plusone.17xueba.com:8020/admin.trash.php - Cannot connect to: plusone.17xueba.com:8020
[21-11-08 13:01:11] - http://plusone.17xueba.com:8020/array_key_exists.php - Cannot connect to: plusone.17xueba.com:8020