
[22-01-05 15:32:58] - https://pop.oppo.com:443/..;/ - Cannot connect to: pop.oppo.com:443
[22-01-05 15:32:59] - https://pop.oppo.com:443/html.php - Cannot connect to: pop.oppo.com:443
[22-01-05 15:32:59] - https://pop.oppo.com:443/.ansible/ - Cannot connect to: pop.oppo.com:443
[22-01-05 15:32:59] - https://pop.oppo.com:443/php.tar - Cannot connect to: pop.oppo.com:443
[22-01-05 15:32:59] - https://pop.oppo.com:443/jsp.zip - Cannot connect to: pop.oppo.com:443
[22-01-05 15:33:00] - https://pop.oppo.com:443/.agilekeychain - Cannot connect to: pop.oppo.com:443
[22-01-05 15:33:00] - https://pop.oppo.com:443/.action - Cannot connect to: pop.oppo.com:443
[22-01-05 15:33:01] - https://pop.oppo.com:443/do.tar - Cannot connect to: pop.oppo.com:443
[22-01-05 15:33:02] - https://pop.oppo.com:443/.babelrc - Cannot connect to: pop.oppo.com:443
[22-01-05 15:33:03] - https://pop.oppo.com:443/.buildkite/pipeline.yml - Cannot connect to: pop.oppo.com:443
[22-01-05 15:33:03] - https://pop.oppo.com:443/.capistrano/metrics - Cannot connect to: pop.oppo.com:443
[22-01-05 15:33:04] - https://pop.oppo.com:443/.config.php.swp - Cannot connect to: pop.oppo.com:443
[22-01-05 15:33:06] - https://pop.oppo.com:443/.directory - Cannot connect to: pop.oppo.com:443
[22-01-05 15:33:07] - https://pop.oppo.com:443/.env.test - Cannot connect to: pop.oppo.com:443
[22-01-05 15:33:08] - https://pop.oppo.com:443/.env.travis - Cannot connect to: pop.oppo.com:443
[22-01-05 15:33:09] - https://pop.oppo.com:443/.fusebox/ - Cannot connect to: pop.oppo.com:443
[22-01-05 15:33:10] - https://pop.oppo.com:443/.git/info/exclude - Cannot connect to: pop.oppo.com:443
[22-01-05 15:33:23] - https://pop.oppo.com:443/backup - Request timeout: https://pop.oppo.com:443/
[22-01-05 15:33:24] - https://pop.oppo.com:443/templates - Request timeout: https://pop.oppo.com:443/
[22-01-05 15:33:25] - https://pop.oppo.com:443/image - Request timeout: https://pop.oppo.com:443/
[22-01-05 15:33:28] - https://pop.oppo.com:443/inc - Request timeout: https://pop.oppo.com:443/
[22-01-05 15:33:31] - https://pop.oppo.com:443/image - Request timeout: https://pop.oppo.com:443/
[22-01-05 15:33:39] - https://pop.oppo.com:443/templates - Request timeout: https://pop.oppo.com:443/
[22-01-05 15:33:41] - https://pop.oppo.com:443/sys - Request timeout: https://pop.oppo.com:443/