
[22-01-11 17:29:02] - https://demo.testfire.net:443/html.php - Cannot connect to: demo.testfire.net:443
[22-01-11 17:29:02] - https://demo.testfire.net:443/..;/ - Cannot connect to: demo.testfire.net:443
[22-01-11 17:29:02] - https://demo.testfire.net:443/aspx - Cannot connect to: demo.testfire.net:443
[22-01-11 17:29:02] - https://demo.testfire.net:443/html.tar - Cannot connect to: demo.testfire.net:443
[22-01-11 17:29:02] - https://demo.testfire.net:443/aspx.zip - Cannot connect to: demo.testfire.net:443
[22-01-11 17:29:02] - https://demo.testfire.net:443/ashx.tgz - Cannot connect to: demo.testfire.net:443
[22-01-11 17:29:02] - https://demo.testfire.net:443/.aws/config - Cannot connect to: demo.testfire.net:443
[22-01-11 17:29:02] - https://demo.testfire.net:443/.bash_prompt - Cannot connect to: demo.testfire.net:443
[22-01-11 17:29:02] - https://demo.testfire.net:443/do - Cannot connect to: demo.testfire.net:443
[22-01-11 17:29:02] - https://demo.testfire.net:443/.autotools - Cannot connect to: demo.testfire.net:443
[22-01-11 17:29:02] - https://demo.testfire.net:443/.binstar.yml - Cannot connect to: demo.testfire.net:443
[22-01-11 17:29:02] - https://demo.testfire.net:443/ashx - Cannot connect to: demo.testfire.net:443
[22-01-11 17:29:02] - https://demo.testfire.net:443/html.zip - Cannot connect to: demo.testfire.net:443
[22-01-11 17:29:02] - https://demo.testfire.net:443/.bluemix/pipeline.yml - Cannot connect to: demo.testfire.net:443
[22-01-11 17:29:02] - https://demo.testfire.net:443/ashx.php - Cannot connect to: demo.testfire.net:443
[22-01-11 17:29:02] - https://demo.testfire.net:443/do.bak - Cannot connect to: demo.testfire.net:443
[22-01-11 17:29:02] - https://demo.testfire.net:443/.appledouble - Cannot connect to: demo.testfire.net:443
[22-01-11 17:29:02] - https://demo.testfire.net:443/php.old - Cannot connect to: demo.testfire.net:443
[22-01-11 17:29:02] - https://demo.testfire.net:443/.admin - Cannot connect to: demo.testfire.net:443
[22-01-11 17:29:02] - https://demo.testfire.net:443/php - Cannot connect to: demo.testfire.net:443
[22-01-11 17:29:02] - https://demo.testfire.net:443/aspx.php - Cannot connect to: demo.testfire.net:443
[22-01-11 17:29:02] - https://demo.testfire.net:443/do.tar - Cannot connect to: demo.testfire.net:443
[22-01-11 17:29:02] - https://demo.testfire.net:443/.appveyor.yml - Cannot connect to: demo.testfire.net:443
[22-01-11 17:29:02] - https://demo.testfire.net:443/jspx.php - Cannot connect to: demo.testfire.net:443
[22-01-11 17:29:02] - https://demo.testfire.net:443/.agilekeychain.zip - Cannot connect to: demo.testfire.net:443
[22-01-11 17:29:02] - https://demo.testfire.net:443/html.txt - Cannot connect to: demo.testfire.net:443
[22-01-11 17:29:02] - https://demo.testfire.net:443/js.php - Cannot connect to: demo.testfire.net:443
[22-01-11 17:29:02] - https://demo.testfire.net:443/.all-contributorsrc - Cannot connect to: demo.testfire.net:443
[22-01-11 17:29:02] - https://demo.testfire.net:443/aspx.bak - Cannot connect to: demo.testfire.net:443
[22-01-11 17:29:02] - https://demo.testfire.net:443/jspx.zip - Cannot connect to: demo.testfire.net:443
[22-01-11 17:29:02] - https://demo.testfire.net:443/.blg - Cannot connect to: demo.testfire.net:443
[22-01-11 17:29:02] - https://demo.testfire.net:443/js.tar - Cannot connect to: demo.testfire.net:443
[22-01-11 17:29:02] - https://demo.testfire.net:443/aspx.tar - Cannot connect to: demo.testfire.net:443
[22-01-11 17:29:02] - https://demo.testfire.net:443/.ackrc - Cannot connect to: demo.testfire.net:443
[22-01-11 17:29:02] - https://demo.testfire.net:443/jsp.old - Cannot connect to: demo.testfire.net:443
[22-01-11 17:29:02] - https://demo.testfire.net:443/+cscot+/translation-table?type=mst&textdomain=/%2bcscoe%2b/portal_inc.lua&default-language&lang=../ - Cannot connect to: demo.testfire.net:443
[22-01-11 17:29:02] - https://demo.testfire.net:443/.aws/ - Cannot connect to: demo.testfire.net:443
[22-01-11 17:29:02] - https://demo.testfire.net:443/js - Cannot connect to: demo.testfire.net:443
[22-01-11 17:29:02] - https://demo.testfire.net:443/.agignore - Cannot connect to: demo.testfire.net:443
[22-01-11 17:29:02] - https://demo.testfire.net:443/do.old - Cannot connect to: demo.testfire.net:443
[22-01-11 17:29:02] - https://demo.testfire.net:443/.atom/config.cson - Cannot connect to: demo.testfire.net:443
[22-01-11 17:29:02] - https://demo.testfire.net:443/.agilekeychain - Cannot connect to: demo.testfire.net:443
[22-01-11 17:29:02] - https://demo.testfire.net:443/.appledesktop - Cannot connect to: demo.testfire.net:443
[22-01-11 17:29:02] - https://demo.testfire.net:443/!.htaccess - Cannot connect to: demo.testfire.net:443
[22-01-11 17:29:02] - https://demo.testfire.net:443/.actionscriptproperties - Cannot connect to: demo.testfire.net:443
[22-01-11 17:29:02] - https://demo.testfire.net:443/.aliases - Cannot connect to: demo.testfire.net:443
[22-01-11 17:29:02] - https://demo.testfire.net:443/.babelrc - Cannot connect to: demo.testfire.net:443
[22-01-11 17:29:02] - https://demo.testfire.net:443/html.old - Cannot connect to: demo.testfire.net:443
[22-01-11 17:29:02] - https://demo.testfire.net:443/.adm - Cannot connect to: demo.testfire.net:443
[22-01-11 17:29:02] - https://demo.testfire.net:443/+cscot+/oem-customization?app=anyconnect&type=oem&platform=..&resource-type=..&name=%2bcscoe%2b/portal_inc.lua - Cannot connect to: demo.testfire.net:443
[22-01-11 17:29:02] - https://demo.testfire.net:443/%c0%ae%c0%ae%c0%af - Cannot connect to: demo.testfire.net:443
[22-01-11 17:29:02] - https://demo.testfire.net:443/html.bak - Cannot connect to: demo.testfire.net:443
[22-01-11 17:29:02] - https://demo.testfire.net:443/do.php - Cannot connect to: demo.testfire.net:443
[22-01-11 17:29:02] - https://demo.testfire.net:443/.7z - Cannot connect to: demo.testfire.net:443
[22-01-11 17:29:02] - https://demo.testfire.net:443/.access - Cannot connect to: demo.testfire.net:443
[22-01-11 17:29:02] - https://demo.testfire.net:443/jsp.txt - Cannot connect to: demo.testfire.net:443
[22-01-11 17:29:02] - https://demo.testfire.net:443/.apport-ignore.xml - Cannot connect to: demo.testfire.net:443
[22-01-11 17:29:02] - https://demo.testfire.net:443/+cscoe+/logon.html#form_title_text - Cannot connect to: demo.testfire.net:443
[22-01-11 17:29:02] - https://demo.testfire.net:443/.axd - Cannot connect to: demo.testfire.net:443
[22-01-11 17:29:02] - https://demo.testfire.net:443/do.txt - Cannot connect to: demo.testfire.net:443
[22-01-11 17:29:02] - https://demo.testfire.net:443/.atfp_history - Cannot connect to: demo.testfire.net:443
[22-01-11 17:29:02] - https://demo.testfire.net:443/.autotest - Cannot connect to: demo.testfire.net:443
[22-01-11 17:29:02] - https://demo.testfire.net:443/.admin/ - Cannot connect to: demo.testfire.net:443
[22-01-11 17:29:02] - https://demo.testfire.net:443/.ashx - Cannot connect to: demo.testfire.net:443
[22-01-11 17:29:02] - https://demo.testfire.net:443/ashx.tar - Cannot connect to: demo.testfire.net:443
[22-01-11 17:29:03] - https://demo.testfire.net:443/.axocover/ - Cannot connect to: demo.testfire.net:443
[22-01-11 17:29:03] - https://demo.testfire.net:443/.asmx - Cannot connect to: demo.testfire.net:443
[22-01-11 17:29:04] - https://demo.testfire.net:443/jsp.tar - Cannot connect to: demo.testfire.net:443
[22-01-11 17:29:04] - https://demo.testfire.net:443/php.txt - Cannot connect to: demo.testfire.net:443
[22-01-11 17:29:04] - https://demo.testfire.net:443/.0 - Cannot connect to: demo.testfire.net:443
[22-01-11 17:29:04] - https://demo.testfire.net:443/.bashrc - Cannot connect to: demo.testfire.net:443
[22-01-11 17:29:04] - https://demo.testfire.net:443/.aspx - Cannot connect to: demo.testfire.net:443
[22-01-11 17:29:04] - https://demo.testfire.net:443/.angular-cli.json - Cannot connect to: demo.testfire.net:443
[22-01-11 17:29:04] - https://demo.testfire.net:443/.babel.json - Cannot connect to: demo.testfire.net:443
[22-01-11 17:29:04] - https://demo.testfire.net:443/ashx.bak - Cannot connect to: demo.testfire.net:443
[22-01-11 17:29:04] - https://demo.testfire.net:443/.bower-cache - Cannot connect to: demo.testfire.net:443
[22-01-11 17:29:04] - https://demo.testfire.net:443/jspx.tgz - Cannot connect to: demo.testfire.net:443
[22-01-11 17:29:04] - https://demo.testfire.net:443/js.tgz - Cannot connect to: demo.testfire.net:443
[22-01-11 17:29:04] - https://demo.testfire.net:443/html - Cannot connect to: demo.testfire.net:443
[22-01-11 17:29:04] - https://demo.testfire.net:443/.accdb - Cannot connect to: demo.testfire.net:443
[22-01-11 17:29:04] - https://demo.testfire.net:443/jsp.bak - Cannot connect to: demo.testfire.net:443
[22-01-11 17:29:04] - https://demo.testfire.net:443/.bluemix/pipeline.yaml - Cannot connect to: demo.testfire.net:443
[22-01-11 17:29:04] - https://demo.testfire.net:443/.bower-tmp - Cannot connect to: demo.testfire.net:443
[22-01-11 17:29:04] - https://demo.testfire.net:443/do.zip - Cannot connect to: demo.testfire.net:443
[22-01-11 17:29:04] - https://demo.testfire.net:443/.boto - Cannot connect to: demo.testfire.net:443
[22-01-11 17:29:04] - https://demo.testfire.net:443/js.zip - Cannot connect to: demo.testfire.net:443
[22-01-11 17:29:04] - https://demo.testfire.net:443/.apdisk - Cannot connect to: demo.testfire.net:443
[22-01-11 17:29:05] - https://demo.testfire.net:443/.babelrc.cjs - Cannot connect to: demo.testfire.net:443
[22-01-11 17:29:05] - https://demo.testfire.net:443/.arcrc - Cannot connect to: demo.testfire.net:443
[22-01-11 17:29:05] - https://demo.testfire.net:443/%ff - Cannot connect to: demo.testfire.net:443
[22-01-11 17:29:05] - https://demo.testfire.net:443/.bak - Cannot connect to: demo.testfire.net:443
[22-01-11 17:29:05] - https://demo.testfire.net:443/.apt_generated/ - Cannot connect to: demo.testfire.net:443
[22-01-11 17:29:05] - https://demo.testfire.net:443/%2e%2e;/test - Cannot connect to: demo.testfire.net:443
[22-01-11 17:29:05] - https://demo.testfire.net:443/aspx.tgz - Cannot connect to: demo.testfire.net:443
[22-01-11 17:29:05] - https://demo.testfire.net:443/js.bak - Cannot connect to: demo.testfire.net:443
[22-01-11 17:29:05] - https://demo.testfire.net:443/.analysis_options - Cannot connect to: demo.testfire.net:443
[22-01-11 17:29:05] - https://demo.testfire.net:443/.bash_aliases - Cannot connect to: demo.testfire.net:443
[22-01-11 17:29:05] - https://demo.testfire.net:443/.azure-pipelines.yml - Cannot connect to: demo.testfire.net:443
[22-01-11 17:29:08] - https://demo.testfire.net:443/.addressbook - Cannot connect to: demo.testfire.net:443
[22-01-11 17:29:11] - https://demo.testfire.net:443/jsp.tgz - Cannot connect to: demo.testfire.net:443
[22-01-11 17:29:11] - https://demo.testfire.net:443/jspx.old - Cannot connect to: demo.testfire.net:443
[22-01-11 17:29:11] - https://demo.testfire.net:443/.ansible/ - Cannot connect to: demo.testfire.net:443
[22-01-11 17:29:11] - https://demo.testfire.net:443/.aws/credentials - Cannot connect to: demo.testfire.net:443
[22-01-11 17:29:11] - https://demo.testfire.net:443/.arclint - Cannot connect to: demo.testfire.net:443
[22-01-11 17:29:11] - https://demo.testfire.net:443/php.tar - Cannot connect to: demo.testfire.net:443
[22-01-11 17:29:11] - https://demo.testfire.net:443/jspx.txt - Cannot connect to: demo.testfire.net:443
[22-01-11 17:29:11] - https://demo.testfire.net:443/.asa - Cannot connect to: demo.testfire.net:443
[22-01-11 17:29:17] - https://demo.testfire.net:443/.circleci/circle.yml - Cannot connect to: demo.testfire.net:443
[22-01-11 17:29:17] - https://demo.testfire.net:443/.clang-format - Cannot connect to: demo.testfire.net:443
[22-01-11 17:29:17] - https://demo.testfire.net:443/.classpath - Cannot connect to: demo.testfire.net:443
[22-01-11 17:29:17] - https://demo.testfire.net:443/.circleci/config.yml - Cannot connect to: demo.testfire.net:443
[22-01-11 17:29:17] - https://demo.testfire.net:443/.codeintel - Cannot connect to: demo.testfire.net:443
[22-01-11 17:29:17] - https://demo.testfire.net:443/.codio - Cannot connect to: demo.testfire.net:443
[22-01-11 17:29:17] - https://demo.testfire.net:443/.codeclimate.yml - Cannot connect to: demo.testfire.net:443
[22-01-11 17:29:17] - https://demo.testfire.net:443/.codecov.yml - Cannot connect to: demo.testfire.net:443
[22-01-11 17:29:17] - https://demo.testfire.net:443/.cointop/config - Cannot connect to: demo.testfire.net:443
[22-01-11 17:29:17] - https://demo.testfire.net:443/.codacy.yml - Cannot connect to: demo.testfire.net:443
[22-01-11 17:29:17] - https://demo.testfire.net:443/.cobalt - Cannot connect to: demo.testfire.net:443
[22-01-11 17:29:17] - https://demo.testfire.net:443/.coffeelintignore - Cannot connect to: demo.testfire.net:443
[22-01-11 17:29:17] - https://demo.testfire.net:443/.codeship.yml - Cannot connect to: demo.testfire.net:443
[22-01-11 17:29:17] - https://demo.testfire.net:443/.coafile - Cannot connect to: demo.testfire.net:443
[22-01-11 17:29:17] - https://demo.testfire.net:443/.codeclimate.json - Cannot connect to: demo.testfire.net:443
[22-01-11 17:29:17] - https://demo.testfire.net:443/.coffee_history - Cannot connect to: demo.testfire.net:443
[22-01-11 17:29:17] - https://demo.testfire.net:443/.codeship.yaml - Cannot connect to: demo.testfire.net:443
[22-01-11 17:29:17] - https://demo.testfire.net:443/.codefresh/codefresh.yml - Cannot connect to: demo.testfire.net:443
[22-01-11 17:29:17] - https://demo.testfire.net:443/.compile - Cannot connect to: demo.testfire.net:443
[22-01-11 17:29:17] - https://demo.testfire.net:443/.com - Cannot connect to: demo.testfire.net:443
[22-01-11 17:29:17] - https://demo.testfire.net:443/.components/ - Cannot connect to: demo.testfire.net:443
[22-01-11 17:29:17] - https://demo.testfire.net:443/.composer/auth.json - Cannot connect to: demo.testfire.net:443
[22-01-11 17:29:17] - https://demo.testfire.net:443/.components - Cannot connect to: demo.testfire.net:443
[22-01-11 17:29:17] - https://demo.testfire.net:443/.composer - Cannot connect to: demo.testfire.net:443
[22-01-11 17:29:17] - https://demo.testfire.net:443/.conda/ - Cannot connect to: demo.testfire.net:443
[22-01-11 17:29:17] - https://demo.testfire.net:443/.config/ - Cannot connect to: demo.testfire.net:443
[22-01-11 17:29:17] - https://demo.testfire.net:443/.conf - Cannot connect to: demo.testfire.net:443
[22-01-11 17:29:17] - https://demo.testfire.net:443/.condarc - Cannot connect to: demo.testfire.net:443
[22-01-11 17:29:17] - https://demo.testfire.net:443/.config/configstore/snyk.json - Cannot connect to: demo.testfire.net:443
[22-01-11 17:29:17] - https://demo.testfire.net:443/.config - Cannot connect to: demo.testfire.net:443
[22-01-11 17:29:17] - https://demo.testfire.net:443/.config.inc.php.swp - Cannot connect to: demo.testfire.net:443
[22-01-11 17:29:17] - https://demo.testfire.net:443/.concrete/dev_mode - Cannot connect to: demo.testfire.net:443
[22-01-11 17:29:17] - https://demo.testfire.net:443/.config/filezilla/sitemanager.xml.xml - Cannot connect to: demo.testfire.net:443
[22-01-11 17:29:17] - https://demo.testfire.net:443/.config.php.swp - Cannot connect to: demo.testfire.net:443
[22-01-11 17:29:17] - https://demo.testfire.net:443/.config/gatsby/config.json - Cannot connect to: demo.testfire.net:443
[22-01-11 17:29:17] - https://demo.testfire.net:443/.config/gatsby/events.json - Cannot connect to: demo.testfire.net:443
[22-01-11 17:29:17] - https://demo.testfire.net:443/.config/karma.conf.coffee - Cannot connect to: demo.testfire.net:443
[22-01-11 17:29:17] - https://demo.testfire.net:443/.config/gcloud/access_tokens.db - Cannot connect to: demo.testfire.net:443
[22-01-11 17:29:17] - https://demo.testfire.net:443/.config/gcloud/credentials.db - Cannot connect to: demo.testfire.net:443
[22-01-11 17:29:17] - https://demo.testfire.net:443/.config/karma.conf.js - Cannot connect to: demo.testfire.net:443
[22-01-11 17:29:17] - https://demo.testfire.net:443/.config/gcloud/credentials - Cannot connect to: demo.testfire.net:443
[22-01-11 17:29:17] - https://demo.testfire.net:443/.config/gcloud/configurations/config_default - Cannot connect to: demo.testfire.net:443
[22-01-11 17:29:17] - https://demo.testfire.net:443/.config/pip/pip.conf - Cannot connect to: demo.testfire.net:443
[22-01-11 17:29:17] - https://demo.testfire.net:443/.config/psi+/profiles/default/accounts.xml - Cannot connect to: demo.testfire.net:443
[22-01-11 17:29:17] - https://demo.testfire.net:443/.config/karma.conf.ts - Cannot connect to: demo.testfire.net:443
[22-01-11 17:29:19] - https://demo.testfire.net:443/.cordova/config.json - Cannot connect to: demo.testfire.net:443
[22-01-11 17:29:19] - https://demo.testfire.net:443/.consulo/ - Cannot connect to: demo.testfire.net:443
[22-01-11 17:29:19] - https://demo.testfire.net:443/.contracts - Cannot connect to: demo.testfire.net:443
[22-01-11 17:29:19] - https://demo.testfire.net:443/.core - Cannot connect to: demo.testfire.net:443
[22-01-11 17:29:19] - https://demo.testfire.net:443/.coverage - Cannot connect to: demo.testfire.net:443
[22-01-11 17:29:19] - https://demo.testfire.net:443/.cane - Cannot connect to: demo.testfire.net:443
[22-01-11 17:29:21] - https://demo.testfire.net:443/.clang_complete - Cannot connect to: demo.testfire.net:443
[22-01-11 17:29:21] - https://demo.testfire.net:443/.clcbio/ - Cannot connect to: demo.testfire.net:443
[22-01-11 17:29:23] - https://demo.testfire.net:443/.cookiecutterrc - Cannot connect to: demo.testfire.net:443
[22-01-11 17:29:23] - https://demo.testfire.net:443/.checkstyle - Cannot connect to: demo.testfire.net:443
[22-01-11 17:29:23] - https://demo.testfire.net:443/.chef/config.rb - Cannot connect to: demo.testfire.net:443
[22-01-11 17:29:23] - https://demo.testfire.net:443/.coveralls.yml - Cannot connect to: demo.testfire.net:443
[22-01-11 17:29:23] - https://demo.testfire.net:443/.chef/knife.rb - Cannot connect to: demo.testfire.net:443
[22-01-11 17:29:24] - https://demo.testfire.net:443/.cocoadocs.yml - Cannot connect to: demo.testfire.net:443
[22-01-11 17:29:24] - https://demo.testfire.net:443/.clog.toml - Cannot connect to: demo.testfire.net:443
[22-01-11 17:29:24] - https://demo.testfire.net:443/.controls/ - Cannot connect to: demo.testfire.net:443
[22-01-11 17:29:24] - https://demo.testfire.net:443/.concrete/dev_mode - Cannot connect to: demo.testfire.net:443
[22-01-11 17:29:24] - https://demo.testfire.net:443/.cc-ban.txt - Cannot connect to: demo.testfire.net:443
[22-01-11 17:29:24] - https://demo.testfire.net:443/.buildpath/ - Cannot connect to: demo.testfire.net:443
[22-01-11 17:29:24] - https://demo.testfire.net:443/.cfg/ - Cannot connect to: demo.testfire.net:443