
[22-01-12 15:07:31] - https://www.baidu.com:443/iissamples - Cannot connect to: www.baidu.com:443
[22-01-12 15:07:31] - https://www.baidu.com:443/articleweb - Cannot connect to: www.baidu.com:443
[22-01-12 15:07:32] - https://www.baidu.com:443/extensions - Cannot connect to: www.baidu.com:443
[22-01-12 15:07:32] - https://www.baidu.com:443/connectors - Cannot connect to: www.baidu.com:443
[22-01-12 15:07:32] - https://www.baidu.com:443/categories - Cannot connect to: www.baidu.com:443
[22-01-12 15:07:32] - https://www.baidu.com:443/repository - Cannot connect to: www.baidu.com:443
[22-01-12 15:07:32] - https://www.baidu.com:443/backupdata - Cannot connect to: www.baidu.com:443
[22-01-12 15:07:32] - https://www.baidu.com:443/office2003 - Cannot connect to: www.baidu.com:443
[22-01-12 15:07:32] - https://www.baidu.com:443/components - Cannot connect to: www.baidu.com:443
[22-01-12 15:07:32] - https://www.baidu.com:443/simpletest - Cannot connect to: www.baidu.com:443
[22-01-12 15:07:32] - https://www.baidu.com:443/rvscompodb - Cannot connect to: www.baidu.com:443
[22-01-12 15:07:32] - https://www.baidu.com:443/interfaces - Cannot connect to: www.baidu.com:443
[22-01-12 15:07:33] - https://www.baidu.com:443/fullscreen - Cannot connect to: www.baidu.com:443
[22-01-12 15:07:33] - https://www.baidu.com:443/spryassets - Cannot connect to: www.baidu.com:443
[22-01-12 15:07:33] - https://www.baidu.com:443/javascript - Cannot connect to: www.baidu.com:443
[22-01-12 15:07:33] - https://www.baidu.com:443/exampleapp - Cannot connect to: www.baidu.com:443
[22-01-12 15:07:34] - https://www.baidu.com:443/thumbnails - Cannot connect to: www.baidu.com:443
[22-01-12 15:07:34] - https://www.baidu.com:443/phpmyadmin - Cannot connect to: www.baidu.com:443
[22-01-12 15:07:34] - https://www.baidu.com:443/filesystem - Cannot connect to: www.baidu.com:443
[22-01-12 15:07:35] - https://www.baidu.com:443/jscalendar - Cannot connect to: www.baidu.com:443
[22-01-12 15:07:35] - https://www.baidu.com:443/cgiscripts - Cannot connect to: www.baidu.com:443
[22-01-12 15:07:35] - https://www.baidu.com:443/accounting - Cannot connect to: www.baidu.com:443
[22-01-12 15:07:35] - https://www.baidu.com:443/xhtmlxtras - Cannot connect to: www.baidu.com:443
[22-01-12 15:07:36] - https://www.baidu.com:443/whatisthis - Cannot connect to: www.baidu.com:443
[22-01-12 15:07:36] - https://www.baidu.com:443/membership - Cannot connect to: www.baidu.com:443
[22-01-12 15:07:36] - https://www.baidu.com:443/adminfiles - Cannot connect to: www.baidu.com:443
[22-01-12 15:07:37] - https://www.baidu.com:443/background - Cannot connect to: www.baidu.com:443
[22-01-12 15:07:37] - https://www.baidu.com:443/centosplus - Cannot connect to: www.baidu.com:443
[22-01-12 15:07:38] - https://www.baidu.com:443/howitworks - Cannot connect to: www.baidu.com:443
[22-01-12 15:07:39] - https://www.baidu.com:443/jellystone - Cannot connect to: www.baidu.com:443
[22-01-12 15:07:39] - https://www.baidu.com:443/phpmyadmin - Cannot connect to: www.baidu.com:443
[22-01-12 15:07:39] - https://www.baidu.com:443/supercache - Cannot connect to: www.baidu.com:443
[22-01-12 15:07:40] - https://www.baidu.com:443/newsletter - Cannot connect to: www.baidu.com:443
[22-01-12 15:07:41] - https://www.baidu.com:443/freeradius - Cannot connect to: www.baidu.com:443
[22-01-12 15:07:41] - https://www.baidu.com:443/libimaging - Cannot connect to: www.baidu.com:443
[22-01-12 15:07:41] - https://www.baidu.com:443/f - Cannot connect to: www.baidu.com:443
[22-01-12 15:07:41] - https://www.baidu.com:443/f - Cannot connect to: www.baidu.com:443
[22-01-12 15:07:42] - https://www.baidu.com:443/zweibrucke - Cannot connect to: www.baidu.com:443
[22-01-12 15:07:42] - https://www.baidu.com:443/youngstown - Cannot connect to: www.baidu.com:443
[22-01-12 15:07:42] - https://www.baidu.com:443/dublincore - Cannot connect to: www.baidu.com:443
[22-01-12 15:07:43] - https://www.baidu.com:443/wilmerding - Cannot connect to: www.baidu.com:443
[22-01-12 15:07:43] - https://www.baidu.com:443/wrightpat4 - Cannot connect to: www.baidu.com:443
[22-01-12 15:07:43] - https://www.baidu.com:443/zweibruckn - Cannot connect to: www.baidu.com:443
[22-01-12 15:07:43] - https://www.baidu.com:443/wrightpat3 - Cannot connect to: www.baidu.com:443
[22-01-12 15:07:43] - https://www.baidu.com:443/wrightpat2 - Cannot connect to: www.baidu.com:443
[22-01-12 15:07:44] - https://www.baidu.com:443/walnutport - Cannot connect to: www.baidu.com:443
[22-01-12 15:07:44] - https://www.baidu.com:443/waynesburg - Cannot connect to: www.baidu.com:443
[22-01-12 15:07:45] - https://www.baidu.com:443/watermelon - Cannot connect to: www.baidu.com:443
[22-01-12 15:07:45] - https://www.baidu.com:443/whitehaven - Cannot connect to: www.baidu.com:443
[22-01-12 15:07:45] - https://www.baidu.com:443/washington - Cannot connect to: www.baidu.com:443
[22-01-12 15:07:45] - https://www.baidu.com:443/warrington - Cannot connect to: www.baidu.com:443
[22-01-12 15:07:45] - https://www.baidu.com:443/whitesands - Cannot connect to: www.baidu.com:443
[22-01-12 15:07:45] - https://www.baidu.com:443/wellsville - Cannot connect to: www.baidu.com:443
[22-01-12 15:07:45] - https://www.baidu.com:443/wwwthreads - Cannot connect to: www.baidu.com:443
[22-01-12 15:07:45] - https://www.baidu.com:443/vanderbilt - Cannot connect to: www.baidu.com:443
[22-01-12 15:07:45] - https://www.baidu.com:443/wainwright - Cannot connect to: www.baidu.com:443
[22-01-12 15:07:46] - https://www.baidu.com:443/waterville - Cannot connect to: www.baidu.com:443
[22-01-12 15:07:46] - https://www.baidu.com:443/vandenberg - Cannot connect to: www.baidu.com:443
[22-01-12 15:07:46] - https://www.baidu.com:443/waddington - Cannot connect to: www.baidu.com:443
[22-01-12 15:07:46] - https://www.baidu.com:443/valparaiso - Cannot connect to: www.baidu.com:443
[22-01-12 15:07:46] - https://www.baidu.com:443/versailles - Cannot connect to: www.baidu.com:443
[22-01-12 15:07:46] - https://www.baidu.com:443/wallyworld - Cannot connect to: www.baidu.com:443
[22-01-12 15:07:47] - https://www.baidu.com:443/vaihingen2 - Cannot connect to: www.baidu.com:443
[22-01-12 15:07:48] - https://www.baidu.com:443/toadkiller - Cannot connect to: www.baidu.com:443
[22-01-12 15:07:48] - https://www.baidu.com:443/touchstone - Cannot connect to: www.baidu.com:443
[22-01-12 15:07:48] - https://www.baidu.com:443/testarossa - Cannot connect to: www.baidu.com:443
[22-01-12 15:07:49] - https://www.baidu.com:443/strawberry - Cannot connect to: www.baidu.com:443
[22-01-12 15:07:49] - https://www.baidu.com:443/thevillage - Cannot connect to: www.baidu.com:443
[22-01-12 15:07:49] - https://www.baidu.com:443/tinkermdss - Cannot connect to: www.baidu.com:443
[22-01-12 15:07:49] - https://www.baidu.com:443/titusville - Cannot connect to: www.baidu.com:443
[22-01-12 15:07:49] - https://www.baidu.com:443/tweedledum - Cannot connect to: www.baidu.com:443
[22-01-12 15:07:50] - https://www.baidu.com:443/swiftwater - Cannot connect to: www.baidu.com:443
[22-01-12 15:07:50] - https://www.baidu.com:443/sharpsburg - Cannot connect to: www.baidu.com:443
[22-01-12 15:07:50] - https://www.baidu.com:443/springdale - Cannot connect to: www.baidu.com:443
[22-01-12 15:07:50] - https://www.baidu.com:443/smithkline - Cannot connect to: www.baidu.com:443
[22-01-12 15:07:50] - https://www.baidu.com:443/slatington - Cannot connect to: www.baidu.com:443
[22-01-12 15:07:50] - https://www.baidu.com:443/shenandoah - Cannot connect to: www.baidu.com:443
[22-01-12 15:07:50] - https://www.baidu.com:443/sugarcreek - Cannot connect to: www.baidu.com:443
[22-01-12 15:07:50] - https://www.baidu.com:443/sillcbtdev - Cannot connect to: www.baidu.com:443
[22-01-12 15:07:50] - https://www.baidu.com:443/serializer - Cannot connect to: www.baidu.com:443
[22-01-12 15:07:51] - https://www.baidu.com:443/shortcodes - Cannot connect to: www.baidu.com:443
[22-01-12 15:07:51] - https://www.baidu.com:443/seckenheim - Cannot connect to: www.baidu.com:443
[22-01-12 15:07:51] - https://www.baidu.com:443/statistics - Cannot connect to: www.baidu.com:443
[22-01-12 15:07:52] - https://www.baidu.com:443/shortbread - Cannot connect to: www.baidu.com:443
[22-01-12 15:07:52] - https://www.baidu.com:443/sacramento - Cannot connect to: www.baidu.com:443
[22-01-12 15:07:53] - https://www.baidu.com:443/shankarsun - Cannot connect to: www.baidu.com:443
[22-01-12 15:07:53] - https://www.baidu.com:443/sharpshill - Cannot connect to: www.baidu.com:443
[22-01-12 15:07:53] - https://www.baidu.com:443/roadrunner - Cannot connect to: www.baidu.com:443
[22-01-12 15:07:53] - https://www.baidu.com:443/seacenlant - Cannot connect to: www.baidu.com:443
[22-01-12 15:07:53] - https://www.baidu.com:443/royersford - Cannot connect to: www.baidu.com:443
[22-01-12 15:07:53] - https://www.baidu.com:443/sabertooth - Cannot connect to: www.baidu.com:443
[22-01-12 15:07:53] - https://www.baidu.com:443/reggiassun - Cannot connect to: www.baidu.com:443
[22-01-12 15:07:53] - https://www.baidu.com:443/richardson - Cannot connect to: www.baidu.com:443
[22-01-12 15:07:54] - https://www.baidu.com:443/schweinfur - Cannot connect to: www.baidu.com:443
[22-01-12 15:07:54] - https://www.baidu.com:443/ruralridge - Cannot connect to: www.baidu.com:443
[22-01-12 15:07:54] - https://www.baidu.com:443/rothsville - Cannot connect to: www.baidu.com:443
[22-01-12 15:07:54] - https://www.baidu.com:443/saegertown - Cannot connect to: www.baidu.com:443
[22-01-12 15:07:55] - https://www.baidu.com:443/repository - Cannot connect to: www.baidu.com:443
[22-01-12 15:07:55] - https://www.baidu.com:443/sandalphon - Cannot connect to: www.baidu.com:443
[22-01-12 15:07:55] - https://www.baidu.com:443/rimersburg - Cannot connect to: www.baidu.com:443
[22-01-12 15:07:55] - https://www.baidu.com:443/plainfield - Cannot connect to: www.baidu.com:443
[22-01-12 15:07:55] - https://www.baidu.com:443/pittsburgh - Cannot connect to: www.baidu.com:443
[22-01-12 15:07:55] - https://www.baidu.com:443/samhouston - Cannot connect to: www.baidu.com:443
[22-01-12 15:07:55] - https://www.baidu.com:443/robinsmdss - Cannot connect to: www.baidu.com:443
[22-01-12 15:07:55] - https://www.baidu.com:443/rockisland - Cannot connect to: www.baidu.com:443
[22-01-12 15:07:55] - https://www.baidu.com:443/potawatomi - Cannot connect to: www.baidu.com:443
[22-01-12 15:07:55] - https://www.baidu.com:443/perddims36 - Cannot connect to: www.baidu.com:443
[22-01-12 15:07:56] - https://www.baidu.com:443/prometheus - Cannot connect to: www.baidu.com:443
[22-01-12 15:07:56] - https://www.baidu.com:443/psntestbed - Cannot connect to: www.baidu.com:443
[22-01-12 15:07:56] - https://www.baidu.com:443/pythagoras - Cannot connect to: www.baidu.com:443
[22-01-12 15:07:56] - https://www.baidu.com:443/pitneyfork - Cannot connect to: www.baidu.com:443
[22-01-12 15:07:56] - https://www.baidu.com:443/pnstestbed - Cannot connect to: www.baidu.com:443
[22-01-12 15:07:57] - https://www.baidu.com:443/pottsville - Cannot connect to: www.baidu.com:443
[22-01-12 15:07:57] - https://www.baidu.com:443/randolphp4 - Cannot connect to: www.baidu.com:443
[22-01-12 15:07:57] - https://www.baidu.com:443/perddims14 - Cannot connect to: www.baidu.com:443
[22-01-12 15:07:57] - https://www.baidu.com:443/portuguese - Cannot connect to: www.baidu.com:443
[22-01-12 15:07:57] - https://www.baidu.com:443/perddims35 - Cannot connect to: www.baidu.com:443
[22-01-12 15:07:57] - https://www.baidu.com:443/proserpina - Cannot connect to: www.baidu.com:443
[22-01-12 15:07:57] - https://www.baidu.com:443/perddims08 - Cannot connect to: www.baidu.com:443
[22-01-12 15:07:57] - https://www.baidu.com:443/perddims01 - Cannot connect to: www.baidu.com:443
[22-01-12 15:07:57] - https://www.baidu.com:443/pincushion - Cannot connect to: www.baidu.com:443
[22-01-12 15:07:57] - https://www.baidu.com:443/perddims23 - Cannot connect to: www.baidu.com:443
[22-01-12 15:07:58] - https://www.baidu.com:443/perddims30 - Cannot connect to: www.baidu.com:443
[22-01-12 15:07:58] - https://www.baidu.com:443/pugetsound - Cannot connect to: www.baidu.com:443
[22-01-12 15:07:58] - https://www.baidu.com:443/perddims43 - Cannot connect to: www.baidu.com:443
[22-01-12 15:07:58] - https://www.baidu.com:443/perddims25 - Cannot connect to: www.baidu.com:443
[22-01-12 15:07:58] - https://www.baidu.com:443/perddims07 - Cannot connect to: www.baidu.com:443
[22-01-12 15:07:58] - https://www.baidu.com:443/phppgadmin - Cannot connect to: www.baidu.com:443
[22-01-12 15:07:58] - https://www.baidu.com:443/perddims27 - Cannot connect to: www.baidu.com:443
[22-01-12 15:07:58] - https://www.baidu.com:443/perddims47 - Cannot connect to: www.baidu.com:443
[22-01-12 15:07:58] - https://www.baidu.com:443/perddims15 - Cannot connect to: www.baidu.com:443
[22-01-12 15:07:58] - https://www.baidu.com:443/perddims40 - Cannot connect to: www.baidu.com:443
[22-01-12 15:07:58] - https://www.baidu.com:443/perddims17 - Cannot connect to: www.baidu.com:443
[22-01-12 15:07:58] - https://www.baidu.com:443/plateausun - Cannot connect to: www.baidu.com:443
[22-01-12 15:07:58] - https://www.baidu.com:443/perddims03 - Cannot connect to: www.baidu.com:443
[22-01-12 15:07:58] - https://www.baidu.com:443/perddims09 - Cannot connect to: www.baidu.com:443
[22-01-12 15:07:58] - https://www.baidu.com:443/pentsystem - Cannot connect to: www.baidu.com:443
[22-01-12 15:07:59] - https://www.baidu.com:443/philashpyd - Cannot connect to: www.baidu.com:443
[22-01-12 15:07:59] - https://www.baidu.com:443/perddims41 - Cannot connect to: www.baidu.com:443
[22-01-12 15:07:59] - https://www.baidu.com:443/perddims32 - Cannot connect to: www.baidu.com:443
[22-01-12 15:07:59] - https://www.baidu.com:443/perddims28 - Cannot connect to: www.baidu.com:443
[22-01-12 15:07:59] - https://www.baidu.com:443/perddims20 - Cannot connect to: www.baidu.com:443
[22-01-12 15:07:59] - https://www.baidu.com:443/perddims21 - Cannot connect to: www.baidu.com:443
[22-01-12 15:07:59] - https://www.baidu.com:443/perddims48 - Cannot connect to: www.baidu.com:443
[22-01-12 15:07:59] - https://www.baidu.com:443/perddims34 - Cannot connect to: www.baidu.com:443
[22-01-12 15:07:59] - https://www.baidu.com:443/perddims16 - Cannot connect to: www.baidu.com:443
[22-01-12 15:07:59] - https://www.baidu.com:443/perddims45 - Cannot connect to: www.baidu.com:443
[22-01-12 15:07:59] - https://www.baidu.com:443/perddims19 - Cannot connect to: www.baidu.com:443
[22-01-12 15:07:59] - https://www.baidu.com:443/perddims26 - Cannot connect to: www.baidu.com:443
[22-01-12 15:07:59] - https://www.baidu.com:443/perddims29 - Cannot connect to: www.baidu.com:443
[22-01-12 15:07:59] - https://www.baidu.com:443/perddims11 - Cannot connect to: www.baidu.com:443
[22-01-12 15:08:00] - https://www.baidu.com:443/perddims13 - Cannot connect to: www.baidu.com:443
[22-01-12 15:08:00] - https://www.baidu.com:443/perddims12 - Cannot connect to: www.baidu.com:443
[22-01-12 15:08:00] - https://www.baidu.com:443/perddims18 - Cannot connect to: www.baidu.com:443
[22-01-12 15:08:00] - https://www.baidu.com:443/perddims24 - Cannot connect to: www.baidu.com:443
[22-01-12 15:08:00] - https://www.baidu.com:443/perddims50 - Cannot connect to: www.baidu.com:443
[22-01-12 15:08:00] - https://www.baidu.com:443/perddims31 - Cannot connect to: www.baidu.com:443
[22-01-12 15:08:00] - https://www.baidu.com:443/perddims02 - Cannot connect to: www.baidu.com:443
[22-01-12 15:08:00] - https://www.baidu.com:443/pedernales - Cannot connect to: www.baidu.com:443
[22-01-12 15:08:00] - https://www.baidu.com:443/perddims05 - Cannot connect to: www.baidu.com:443
[22-01-12 15:08:00] - https://www.baidu.com:443/perddims10 - Cannot connect to: www.baidu.com:443
[22-01-12 15:08:00] - https://www.baidu.com:443/perddims33 - Cannot connect to: www.baidu.com:443
[22-01-12 15:08:00] - https://www.baidu.com:443/perddims38 - Cannot connect to: www.baidu.com:443
[22-01-12 15:08:01] - https://www.baidu.com:443/perddims06 - Cannot connect to: www.baidu.com:443
[22-01-12 15:08:01] - https://www.baidu.com:443/perddims04 - Cannot connect to: www.baidu.com:443
[22-01-12 15:08:01] - https://www.baidu.com:443/perddims39 - Cannot connect to: www.baidu.com:443
[22-01-12 15:08:01] - https://www.baidu.com:443/pestilence - Cannot connect to: www.baidu.com:443
[22-01-12 15:08:01] - https://www.baidu.com:443/partenaire - Cannot connect to: www.baidu.com:443
[22-01-12 15:08:01] - https://www.baidu.com:443/parkesburg - Cannot connect to: www.baidu.com:443
[22-01-12 15:08:01] - https://www.baidu.com:443/operations - Cannot connect to: www.baidu.com:443
[22-01-12 15:08:01] - https://www.baidu.com:443/norristown - Cannot connect to: www.baidu.com:443
[22-01-12 15:08:01] - https://www.baidu.com:443/officescan - Cannot connect to: www.baidu.com:443
[22-01-12 15:08:01] - https://www.baidu.com:443/navelexnet - Cannot connect to: www.baidu.com:443
[22-01-12 15:08:01] - https://www.baidu.com:443/noblestown - Cannot connect to: www.baidu.com:443
[22-01-12 15:08:02] - https://www.baidu.com:443/neufchatel - Cannot connect to: www.baidu.com:443
[22-01-12 15:08:02] - https://www.baidu.com:443/neffsville - Cannot connect to: www.baidu.com:443
[22-01-12 15:08:02] - https://www.baidu.com:443/newbritain - Cannot connect to: www.baidu.com:443
[22-01-12 15:08:02] - https://www.baidu.com:443/newmilford - Cannot connect to: www.baidu.com:443
[22-01-12 15:08:02] - https://www.baidu.com:443/newstanton - Cannot connect to: www.baidu.com:443
[22-01-12 15:08:02] - https://www.baidu.com:443/mountville - Cannot connect to: www.baidu.com:443
[22-01-12 15:08:02] - https://www.baidu.com:443/newarkmdss - Cannot connect to: www.baidu.com:443
[22-01-12 15:08:02] - https://www.baidu.com:443/mozzarella - Cannot connect to: www.baidu.com:443
[22-01-12 15:08:02] - https://www.baidu.com:443/mulholland - Cannot connect to: www.baidu.com:443
[22-01-12 15:08:03] - https://www.baidu.com:443/nameserver - Cannot connect to: www.baidu.com:443
[22-01-12 15:08:03] - https://www.baidu.com:443/newholland - Cannot connect to: www.baidu.com:443
[22-01-12 15:08:03] - https://www.baidu.com:443/navigation - Cannot connect to: www.baidu.com:443
[22-01-12 15:08:03] - https://www.baidu.com:443/moehringen - Cannot connect to: www.baidu.com:443
[22-01-12 15:08:03] - https://www.baidu.com:443/morgantown - Cannot connect to: www.baidu.com:443
[22-01-12 15:08:03] - https://www.baidu.com:443/mildenhall - Cannot connect to: www.baidu.com:443
[22-01-12 15:08:03] - https://www.baidu.com:443/montgomery - Cannot connect to: www.baidu.com:443
[22-01-12 15:08:03] - https://www.baidu.com:443/nardacwash - Cannot connect to: www.baidu.com:443
[22-01-12 15:08:03] - https://www.baidu.com:443/misterdata - Cannot connect to: www.baidu.com:443
[22-01-12 15:08:04] - https://www.baidu.com:443/middleport - Cannot connect to: www.baidu.com:443
[22-01-12 15:08:04] - https://www.baidu.com:443/metropolis - Cannot connect to: www.baidu.com:443
[22-01-12 15:08:04] - https://www.baidu.com:443/middleburg - Cannot connect to: www.baidu.com:443
[22-01-12 15:08:04] - https://www.baidu.com:443/middletown - Cannot connect to: www.baidu.com:443
[22-01-12 15:08:04] - https://www.baidu.com:443/mccandless - Cannot connect to: www.baidu.com:443
[22-01-12 15:08:04] - https://www.baidu.com:443/muttontown - Cannot connect to: www.baidu.com:443
[22-01-12 15:08:04] - https://www.baidu.com:443/laureldale - Cannot connect to: www.baidu.com:443
[22-01-12 15:08:04] - https://www.baidu.com:443/meyersdale - Cannot connect to: www.baidu.com:443
[22-01-12 15:08:04] - https://www.baidu.com:443/louisville - Cannot connect to: www.baidu.com:443
[22-01-12 15:08:04] - https://www.baidu.com:443/littlerock - Cannot connect to: www.baidu.com:443
[22-01-12 15:08:04] - https://www.baidu.com:443/mcanicsbrg - Cannot connect to: www.baidu.com:443
[22-01-12 15:08:04] - https://www.baidu.com:443/mcclellan2 - Cannot connect to: www.baidu.com:443
[22-01-12 15:08:04] - https://www.baidu.com:443/loganville - Cannot connect to: www.baidu.com:443
[22-01-12 15:08:05] - https://www.baidu.com:443/linesville - Cannot connect to: www.baidu.com:443
[22-01-12 15:08:05] - https://www.baidu.com:443/lewisberry - Cannot connect to: www.baidu.com:443
[22-01-12 15:08:05] - https://www.baidu.com:443/lindenthal - Cannot connect to: www.baidu.com:443
[22-01-12 15:08:05] - https://www.baidu.com:443/lamadalena - Cannot connect to: www.baidu.com:443
[22-01-12 15:08:05] - https://www.baidu.com:443/manchester - Cannot connect to: www.baidu.com:443
[22-01-12 15:08:05] - https://www.baidu.com:443/leavenwort - Cannot connect to: www.baidu.com:443
[22-01-12 15:08:05] - https://www.baidu.com:443/lenoxville - Cannot connect to: www.baidu.com:443
[22-01-12 15:08:05] - https://www.baidu.com:443/letterkenn - Cannot connect to: www.baidu.com:443
[22-01-12 15:08:05] - https://www.baidu.com:443/kookaburra - Cannot connect to: www.baidu.com:443
[22-01-12 15:08:05] - https://www.baidu.com:443/lakenheath - Cannot connect to: www.baidu.com:443
[22-01-12 15:08:06] - https://www.baidu.com:443/kingfisher - Cannot connect to: www.baidu.com:443
[22-01-12 15:08:06] - https://www.baidu.com:443/marysville - Cannot connect to: www.baidu.com:443
[22-01-12 15:08:06] - https://www.baidu.com:443/kensington - Cannot connect to: www.baidu.com:443
[22-01-12 15:08:06] - https://www.baidu.com:443/jabberwack - Cannot connect to: www.baidu.com:443
[22-01-12 15:08:06] - https://www.baidu.com:443/jollyroger - Cannot connect to: www.baidu.com:443
[22-01-12 15:08:06] - https://www.baidu.com:443/kaiserslau - Cannot connect to: www.baidu.com:443
[22-01-12 15:08:06] - https://www.baidu.com:443/johnsville - Cannot connect to: www.baidu.com:443
[22-01-12 15:08:06] - https://www.baidu.com:443/kittanning - Cannot connect to: www.baidu.com:443
[22-01-12 15:08:06] - https://www.baidu.com:443/laboratory - Cannot connect to: www.baidu.com:443
[22-01-12 15:08:06] - https://www.baidu.com:443/jenkintown - Cannot connect to: www.baidu.com:443
[22-01-12 15:08:07] - https://www.baidu.com:443/imageslist - Cannot connect to: www.baidu.com:443
[22-01-12 15:08:07] - https://www.baidu.com:443/indiantown - Cannot connect to: www.baidu.com:443
[22-01-12 15:08:07] - https://www.baidu.com:443/horseheads - Cannot connect to: www.baidu.com:443
[22-01-12 15:08:08] - https://www.baidu.com:443/hornbostel - Cannot connect to: www.baidu.com:443
[22-01-12 15:08:08] - https://www.baidu.com:443/hellertown - Cannot connect to: www.baidu.com:443
[22-01-12 15:08:08] - https://www.baidu.com:443/honeybrook - Cannot connect to: www.baidu.com:443
[22-01-12 15:08:08] - https://www.baidu.com:443/huntington - Cannot connect to: www.baidu.com:443
[22-01-12 15:08:08] - https://www.baidu.com:443/hellenikon - Cannot connect to: www.baidu.com:443
[22-01-12 15:08:08] - https://www.baidu.com:443/huntingdon - Cannot connect to: www.baidu.com:443
[22-01-12 15:08:08] - https://www.baidu.com:443/harrisburg - Cannot connect to: www.baidu.com:443
[22-01-12 15:08:08] - https://www.baidu.com:443/heidelberg - Cannot connect to: www.baidu.com:443
[22-01-12 15:08:08] - https://www.baidu.com:443/hephaestus - Cannot connect to: www.baidu.com:443
[22-01-12 15:08:08] - https://www.baidu.com:443/gooseberry - Cannot connect to: www.baidu.com:443
[22-01-12 15:08:08] - https://www.baidu.com:443/hackensack - Cannot connect to: www.baidu.com:443
[22-01-12 15:08:08] - https://www.baidu.com:443/greenhills - Cannot connect to: www.baidu.com:443
[22-01-12 15:08:09] - https://www.baidu.com:443/greenville - Cannot connect to: www.baidu.com:443
[22-01-12 15:08:09] - https://www.baidu.com:443/greenfield - Cannot connect to: www.baidu.com:443
[22-01-12 15:08:09] - https://www.baidu.com:443/gorgonzola - Cannot connect to: www.baidu.com:443
[22-01-12 15:08:09] - https://www.baidu.com:443/greatlakes - Cannot connect to: www.baidu.com:443
[22-01-12 15:08:09] - https://www.baidu.com:443/googledocs - Cannot connect to: www.baidu.com:443
[22-01-12 15:08:09] - https://www.baidu.com:443/goeppingen - Cannot connect to: www.baidu.com:443
[22-01-12 15:08:10] - https://www.baidu.com:443/grantville - Cannot connect to: www.baidu.com:443
[22-01-12 15:08:10] - https://www.baidu.com:443/gouldsboro - Cannot connect to: www.baidu.com:443
[22-01-12 15:08:10] - https://www.baidu.com:443/goldilocks - Cannot connect to: www.baidu.com:443
[22-01-12 15:08:10] - https://www.baidu.com:443/hashbrowns - Cannot connect to: www.baidu.com:443
[22-01-12 15:08:10] - https://www.baidu.com:443/grovescity - Cannot connect to: www.baidu.com:443
[22-01-12 15:08:10] - https://www.baidu.com:443/gannonssun - Cannot connect to: www.baidu.com:443
[22-01-12 15:08:10] - https://www.baidu.com:443/georgetown - Cannot connect to: www.baidu.com:443
[22-01-12 15:08:10] - https://www.baidu.com:443/grafenwoeh - Cannot connect to: www.baidu.com:443
[22-01-12 15:08:10] - https://www.baidu.com:443/ghostwheel - Cannot connect to: www.baidu.com:443
[22-01-12 15:08:10] - https://www.baidu.com:443/gatekeeper - Cannot connect to: www.baidu.com:443
[22-01-12 15:08:11] - https://www.baidu.com:443/grandwazoo - Cannot connect to: www.baidu.com:443
[22-01-12 15:08:11] - https://www.baidu.com:443/greensburg - Cannot connect to: www.baidu.com:443
[22-01-12 15:08:11] - https://www.baidu.com:443/frenchtown - Cannot connect to: www.baidu.com:443
[22-01-12 15:08:11] - https://www.baidu.com:443/gettysburg - Cannot connect to: www.baidu.com:443
[22-01-12 15:08:11] - https://www.baidu.com:443/fairchance - Cannot connect to: www.baidu.com:443
[22-01-12 15:08:11] - https://www.baidu.com:443/goodfellow - Cannot connect to: www.baidu.com:443
[22-01-12 15:08:11] - https://www.baidu.com:443/flemington - Cannot connect to: www.baidu.com:443
[22-01-12 15:08:11] - https://www.baidu.com:443/frackville - Cannot connect to: www.baidu.com:443
[22-01-12 15:08:11] - https://www.baidu.com:443/friendship - Cannot connect to: www.baidu.com:443
[22-01-12 15:08:11] - https://www.baidu.com:443/fltcincais - Cannot connect to: www.baidu.com:443
[22-01-12 15:08:12] - https://www.baidu.com:443/fitzsimmon - Cannot connect to: www.baidu.com:443
[22-01-12 15:08:12] - https://www.baidu.com:443/euphrosene - Cannot connect to: www.baidu.com:443
[22-01-12 15:08:12] - https://www.baidu.com:443/elsegundo2 - Cannot connect to: www.baidu.com:443
[22-01-12 15:08:12] - https://www.baidu.com:443/gardencity - Cannot connect to: www.baidu.com:443
[22-01-12 15:08:12] - https://www.baidu.com:443/fallscreek - Cannot connect to: www.baidu.com:443
[22-01-12 15:08:13] - https://www.baidu.com:443/forestcity - Cannot connect to: www.baidu.com:443
[22-01-12 15:08:13] - https://www.baidu.com:443/download14 - Cannot connect to: www.baidu.com:443
[22-01-12 15:08:13] - https://www.baidu.com:443/download61 - Cannot connect to: www.baidu.com:443
[22-01-12 15:08:13] - https://www.baidu.com:443/download33 - Cannot connect to: www.baidu.com:443
[22-01-12 15:08:13] - https://www.baidu.com:443/download26 - Cannot connect to: www.baidu.com:443
[22-01-12 15:08:13] - https://www.baidu.com:443/download53 - Cannot connect to: www.baidu.com:443
[22-01-12 15:08:13] - https://www.baidu.com:443/download49 - Cannot connect to: www.baidu.com:443
[22-01-12 15:08:13] - https://www.baidu.com:443/download60 - Cannot connect to: www.baidu.com:443
[22-01-12 15:08:13] - https://www.baidu.com:443/download32 - Cannot connect to: www.baidu.com:443
[22-01-12 15:08:13] - https://www.baidu.com:443/download46 - Cannot connect to: www.baidu.com:443
[22-01-12 15:08:14] - https://www.baidu.com:443/download54 - Cannot connect to: www.baidu.com:443
[22-01-12 15:08:14] - https://www.baidu.com:443/download42 - Cannot connect to: www.baidu.com:443
[22-01-12 15:08:14] - https://www.baidu.com:443/download12 - Cannot connect to: www.baidu.com:443
[22-01-12 15:08:14] - https://www.baidu.com:443/download50 - Cannot connect to: www.baidu.com:443
[22-01-12 15:08:14] - https://www.baidu.com:443/download52 - Cannot connect to: www.baidu.com:443
[22-01-12 15:08:14] - https://www.baidu.com:443/download24 - Cannot connect to: www.baidu.com:443
[22-01-12 15:08:14] - https://www.baidu.com:443/download56 - Cannot connect to: www.baidu.com:443
[22-01-12 15:08:14] - https://www.baidu.com:443/drexelhill - Cannot connect to: www.baidu.com:443
[22-01-12 15:08:14] - https://www.baidu.com:443/dockmaster - Cannot connect to: www.baidu.com:443
[22-01-12 15:08:14] - https://www.baidu.com:443/download18 - Cannot connect to: www.baidu.com:443
[22-01-12 15:08:14] - https://www.baidu.com:443/download23 - Cannot connect to: www.baidu.com:443
[22-01-12 15:08:14] - https://www.baidu.com:443/emigsville - Cannot connect to: www.baidu.com:443
[22-01-12 15:08:14] - https://www.baidu.com:443/download29 - Cannot connect to: www.baidu.com:443
[22-01-12 15:08:14] - https://www.baidu.com:443/download45 - Cannot connect to: www.baidu.com:443
[22-01-12 15:08:14] - https://www.baidu.com:443/download30 - Cannot connect to: www.baidu.com:443
[22-01-12 15:08:14] - https://www.baidu.com:443/download27 - Cannot connect to: www.baidu.com:443
[22-01-12 15:08:14] - https://www.baidu.com:443/download62 - Cannot connect to: www.baidu.com:443
[22-01-12 15:08:14] - https://www.baidu.com:443/duboistown - Cannot connect to: www.baidu.com:443
[22-01-12 15:08:14] - https://www.baidu.com:443/dragonlady - Cannot connect to: www.baidu.com:443
[22-01-12 15:08:14] - https://www.baidu.com:443/doylestown - Cannot connect to: www.baidu.com:443
[22-01-12 15:08:14] - https://www.baidu.com:443/download51 - Cannot connect to: www.baidu.com:443
[22-01-12 15:08:14] - https://www.baidu.com:443/download22 - Cannot connect to: www.baidu.com:443
[22-01-12 15:08:14] - https://www.baidu.com:443/download57 - Cannot connect to: www.baidu.com:443
[22-01-12 15:08:15] - https://www.baidu.com:443/download59 - Cannot connect to: www.baidu.com:443
[22-01-12 15:08:15] - https://www.baidu.com:443/download13 - Cannot connect to: www.baidu.com:443
[22-01-12 15:08:15] - https://www.baidu.com:443/download39 - Cannot connect to: www.baidu.com:443
[22-01-12 15:08:15] - https://www.baidu.com:443/download31 - Cannot connect to: www.baidu.com:443
[22-01-12 15:08:15] - https://www.baidu.com:443/download25 - Cannot connect to: www.baidu.com:443
[22-01-12 15:08:15] - https://www.baidu.com:443/download43 - Cannot connect to: www.baidu.com:443
[22-01-12 15:08:15] - https://www.baidu.com:443/diagnostic - Cannot connect to: www.baidu.com:443
[22-01-12 15:08:15] - https://www.baidu.com:443/download35 - Cannot connect to: www.baidu.com:443
[22-01-12 15:08:15] - https://www.baidu.com:443/download17 - Cannot connect to: www.baidu.com:443
[22-01-12 15:08:15] - https://www.baidu.com:443/dravosburg - Cannot connect to: www.baidu.com:443
[22-01-12 15:08:15] - https://www.baidu.com:443/download55 - Cannot connect to: www.baidu.com:443
[22-01-12 15:08:15] - https://www.baidu.com:443/download21 - Cannot connect to: www.baidu.com:443
[22-01-12 15:08:15] - https://www.baidu.com:443/download58 - Cannot connect to: www.baidu.com:443
[22-01-12 15:08:15] - https://www.baidu.com:443/download28 - Cannot connect to: www.baidu.com:443
[22-01-12 15:08:15] - https://www.baidu.com:443/download36 - Cannot connect to: www.baidu.com:443
[22-01-12 15:08:15] - https://www.baidu.com:443/download20 - Cannot connect to: www.baidu.com:443
[22-01-12 15:08:16] - https://www.baidu.com:443/download47 - Cannot connect to: www.baidu.com:443
[22-01-12 15:08:16] - https://www.baidu.com:443/download34 - Cannot connect to: www.baidu.com:443
[22-01-12 15:08:16] - https://www.baidu.com:443/dmaodshost - Cannot connect to: www.baidu.com:443
[22-01-12 15:08:16] - https://www.baidu.com:443/download16 - Cannot connect to: www.baidu.com:443
[22-01-12 15:08:16] - https://www.baidu.com:443/dentacfhaz - Cannot connect to: www.baidu.com:443
[22-01-12 15:08:16] - https://www.baidu.com:443/download15 - Cannot connect to: www.baidu.com:443
[22-01-12 15:08:16] - https://www.baidu.com:443/download41 - Cannot connect to: www.baidu.com:443
[22-01-12 15:08:16] - https://www.baidu.com:443/download37 - Cannot connect to: www.baidu.com:443
[22-01-12 15:08:16] - https://www.baidu.com:443/download38 - Cannot connect to: www.baidu.com:443
[22-01-12 15:08:16] - https://www.baidu.com:443/download48 - Cannot connect to: www.baidu.com:443
[22-01-12 15:08:16] - https://www.baidu.com:443/download40 - Cannot connect to: www.baidu.com:443
[22-01-12 15:08:16] - https://www.baidu.com:443/download19 - Cannot connect to: www.baidu.com:443
[22-01-12 15:08:16] - https://www.baidu.com:443/download11 - Cannot connect to: www.baidu.com:443
[22-01-12 15:08:17] - https://www.baidu.com:443/ddntrouble - Cannot connect to: www.baidu.com:443
[22-01-12 15:08:17] - https://www.baidu.com:443/dallastown - Cannot connect to: www.baidu.com:443
[22-01-12 15:08:17] - https://www.baidu.com:443/cornflower - Cannot connect to: www.baidu.com:443
[22-01-12 15:08:17] - https://www.baidu.com:443/cloudsrest - Cannot connect to: www.baidu.com:443
[22-01-12 15:08:17] - https://www.baidu.com:443/confidence - Cannot connect to: www.baidu.com:443
[22-01-12 15:08:17] - https://www.baidu.com:443/coldfusion - Cannot connect to: www.baidu.com:443
[22-01-12 15:08:17] - https://www.baidu.com:443/claysville - Cannot connect to: www.baidu.com:443
[22-01-12 15:08:17] - https://www.baidu.com:443/coraopolis - Cannot connect to: www.baidu.com:443
[22-01-12 15:08:17] - https://www.baidu.com:443/christosun - Cannot connect to: www.baidu.com:443
[22-01-12 15:08:17] - https://www.baidu.com:443/christiana - Cannot connect to: www.baidu.com:443
[22-01-12 15:08:17] - https://www.baidu.com:443/clearfield - Cannot connect to: www.baidu.com:443
[22-01-12 15:08:17] - https://www.baidu.com:443/cardiology - Cannot connect to: www.baidu.com:443
[22-01-12 15:08:17] - https://www.baidu.com:443/chambersbu - Cannot connect to: www.baidu.com:443
[22-01-12 15:08:17] - https://www.baidu.com:443/centerport - Cannot connect to: www.baidu.com:443
[22-01-12 15:08:17] - https://www.baidu.com:443/canonsburg - Cannot connect to: www.baidu.com:443
[22-01-12 15:08:18] - https://www.baidu.com:443/controller - Cannot connect to: www.baidu.com:443
[22-01-12 15:08:18] - https://www.baidu.com:443/carbondale - Cannot connect to: www.baidu.com:443
[22-01-12 15:08:18] - https://www.baidu.com:443/charleston - Cannot connect to: www.baidu.com:443
[22-01-12 15:08:18] - https://www.baidu.com:443/chaddsford - Cannot connect to: www.baidu.com:443
[22-01-12 15:08:18] - https://www.baidu.com:443/calstatela - Cannot connect to: www.baidu.com:443
[22-01-12 15:08:18] - https://www.baidu.com:443/bronxville - Cannot connect to: www.baidu.com:443
[22-01-12 15:08:18] - https://www.baidu.com:443/california - Cannot connect to: www.baidu.com:443
[22-01-12 15:08:19] - https://www.baidu.com:443/burchfield - Cannot connect to: www.baidu.com:443
[22-01-12 15:08:19] - https://www.baidu.com:443/candlewood - Cannot connect to: www.baidu.com:443
[22-01-12 15:08:19] - https://www.baidu.com:443/bullwinkle - Cannot connect to: www.baidu.com:443
[22-01-12 15:08:19] - https://www.baidu.com:443/brookhaven - Cannot connect to: www.baidu.com:443
[22-01-12 15:08:19] - https://www.baidu.com:443/bremerhave - Cannot connect to: www.baidu.com:443
[22-01-12 15:08:19] - https://www.baidu.com:443/breezewood - Cannot connect to: www.baidu.com:443
[22-01-12 15:08:19] - https://www.baidu.com:443/blythedale - Cannot connect to: www.baidu.com:443
[22-01-12 15:08:19] - https://www.baidu.com:443/binghamton - Cannot connect to: www.baidu.com:443
[22-01-12 15:08:19] - https://www.baidu.com:443/bridgeport - Cannot connect to: www.baidu.com:443
[22-01-12 15:08:19] - https://www.baidu.com:443/barnesboro - Cannot connect to: www.baidu.com:443
[22-01-12 15:08:19] - https://www.baidu.com:443/brownfield - Cannot connect to: www.baidu.com:443
[22-01-12 15:08:19] - https://www.baidu.com:443/bloomsburg - Cannot connect to: www.baidu.com:443
[22-01-12 15:08:19] - https://www.baidu.com:443/brownville - Cannot connect to: www.baidu.com:443
[22-01-12 15:08:20] - https://www.baidu.com:443/bellefonte - Cannot connect to: www.baidu.com:443
[22-01-12 15:08:20] - https://www.baidu.com:443/buenavista - Cannot connect to: www.baidu.com:443
[22-01-12 15:08:20] - https://www.baidu.com:443/beechcliff - Cannot connect to: www.baidu.com:443
[22-01-12 15:08:20] - https://www.baidu.com:443/bethelpark - Cannot connect to: www.baidu.com:443
[22-01-12 15:08:20] - https://www.baidu.com:443/blackbird1 - Cannot connect to: www.baidu.com:443
[22-01-12 15:08:20] - https://www.baidu.com:443/campbllbks - Cannot connect to: www.baidu.com:443
[22-01-12 15:08:20] - https://www.baidu.com:443/blainehill - Cannot connect to: www.baidu.com:443
[22-01-12 15:08:20] - https://www.baidu.com:443/belleville - Cannot connect to: www.baidu.com:443
[22-01-12 15:08:20] - https://www.baidu.com:443/bentwaters - Cannot connect to: www.baidu.com:443
[22-01-12 15:08:20] - https://www.baidu.com:443/bakerstown - Cannot connect to: www.baidu.com:443
[22-01-12 15:08:20] - https://www.baidu.com:443/beanhollow - Cannot connect to: www.baidu.com:443
[22-01-12 15:08:20] - https://www.baidu.com:443/brownstown - Cannot connect to: www.baidu.com:443
[22-01-12 15:08:21] - https://www.baidu.com:443/beaverdale - Cannot connect to: www.baidu.com:443
[22-01-12 15:08:21] - https://www.baidu.com:443/brookville - Cannot connect to: www.baidu.com:443
[22-01-12 15:08:21] - https://www.baidu.com:443/barrington - Cannot connect to: www.baidu.com:443
[22-01-12 15:08:21] - https://www.baidu.com:443/applegate2 - Cannot connect to: www.baidu.com:443
[22-01-12 15:08:22] - https://www.baidu.com:443/aschaffenb - Cannot connect to: www.baidu.com:443
[22-01-12 15:08:22] - https://www.baidu.com:443/blackridge - Cannot connect to: www.baidu.com:443
[22-01-12 15:08:22] - https://www.baidu.com:443/adminlogin - Cannot connect to: www.baidu.com:443
[22-01-12 15:08:22] - https://www.baidu.com:443/applegate3 - Cannot connect to: www.baidu.com:443
[22-01-12 15:08:22] - https://www.baidu.com:443/archimedes - Cannot connect to: www.baidu.com:443
[22-01-12 15:08:22] - https://www.baidu.com:443/alexandria - Cannot connect to: www.baidu.com:443
[22-01-12 15:08:22] - https://www.baidu.com:443/upselling_products - Cannot connect to: www.baidu.com:443
[22-01-12 15:08:22] - https://www.baidu.com:443/ups_online_tools - Cannot connect to: www.baidu.com:443
[22-01-12 15:08:23] - https://www.baidu.com:443/webservice - Cannot connect to: www.baidu.com:443
[22-01-12 15:08:23] - https://www.baidu.com:443/siteserver - Cannot connect to: www.baidu.com:443
[22-01-12 15:08:23] - https://www.baidu.com:443/publishing - Cannot connect to: www.baidu.com:443
[22-01-12 15:08:23] - https://www.baidu.com:443/showblocks - Cannot connect to: www.baidu.com:443
[22-01-12 15:08:23] - https://www.baidu.com:443/xaffiliate - Cannot connect to: www.baidu.com:443
[22-01-12 15:08:23] - https://www.baidu.com:443/reflection - Cannot connect to: www.baidu.com:443
[22-01-12 15:08:23] - https://www.baidu.com:443/controller - Cannot connect to: www.baidu.com:443
[22-01-12 15:08:23] - https://www.baidu.com:443/abyssinian - Cannot connect to: www.baidu.com:443
[22-01-12 15:08:23] - https://www.baidu.com:443/moorainbow - Cannot connect to: www.baidu.com:443
[22-01-12 15:08:23] - https://www.baidu.com:443/tabletools - Cannot connect to: www.baidu.com:443
[22-01-12 15:08:23] - https://www.baidu.com:443/quickbooks - Cannot connect to: www.baidu.com:443
[22-01-12 15:08:24] - https://www.baidu.com:443/typography - Cannot connect to: www.baidu.com:443
[22-01-12 15:08:24] - https://www.baidu.com:443/webazolver - Cannot connect to: www.baidu.com:443
[22-01-12 15:08:24] - https://www.baidu.com:443/formmailer - Cannot connect to: www.baidu.com:443
[22-01-12 15:08:24] - https://www.baidu.com:443/qmailadmin - Cannot connect to: www.baidu.com:443
[22-01-12 15:08:24] - https://www.baidu.com:443/calculated - Cannot connect to: www.baidu.com:443
[22-01-12 15:08:24] - https://www.baidu.com:443/similarity - Cannot connect to: www.baidu.com:443
[22-01-12 15:08:24] - https://www.baidu.com:443/datepicker - Cannot connect to: www.baidu.com:443
[22-01-12 15:08:24] - https://www.baidu.com:443/fileparser - Cannot connect to: www.baidu.com:443
[22-01-12 15:08:24] - https://www.baidu.com:443/frameworks - Cannot connect to: www.baidu.com:443
[22-01-12 15:08:24] - https://www.baidu.com:443/blackboard - Cannot connect to: www.baidu.com:443
[22-01-12 15:08:24] - https://www.baidu.com:443/navigation - Cannot connect to: www.baidu.com:443
[22-01-12 15:08:25] - https://www.baidu.com:443/htmlmodule - Cannot connect to: www.baidu.com:443
[22-01-12 15:08:25] - https://www.baidu.com:443/serializer - Cannot connect to: www.baidu.com:443
[22-01-12 15:08:25] - https://www.baidu.com:443/zenerdiode - Cannot connect to: www.baidu.com:443
[22-01-12 15:08:25] - https://www.baidu.com:443/wordsworth - Cannot connect to: www.baidu.com:443
[22-01-12 15:08:25] - https://www.baidu.com:443/consulting - Cannot connect to: www.baidu.com:443
[22-01-12 15:08:25] - https://www.baidu.com:443/wyotechnet - Cannot connect to: www.baidu.com:443
[22-01-12 15:08:25] - https://www.baidu.com:443/willmorris - Cannot connect to: www.baidu.com:443
[22-01-12 15:08:56] - https://www.baidu.com:443/whitelists - Cannot connect to: www.baidu.com:443
[22-01-12 15:08:56] - https://www.baidu.com:443/woosternet - Cannot connect to: www.baidu.com:443
[22-01-12 15:08:56] - https://www.baidu.com:443/vonkarman1 - Cannot connect to: www.baidu.com:443
[22-01-12 15:08:56] - https://www.baidu.com:443/wescollnet - Cannot connect to: www.baidu.com:443
[22-01-12 15:08:56] - https://www.baidu.com:443/watertown1 - Cannot connect to: www.baidu.com:443
[22-01-12 15:08:56] - https://www.baidu.com:443/westnmuniv - Cannot connect to: www.baidu.com:443
[22-01-12 15:08:56] - https://www.baidu.com:443/webreports - Cannot connect to: www.baidu.com:443
[22-01-12 15:08:56] - https://www.baidu.com:443/wheatstone - Cannot connect to: www.baidu.com:443
[22-01-12 15:08:56] - https://www.baidu.com:443/whatsupdoc - Cannot connect to: www.baidu.com:443
[22-01-12 15:08:56] - https://www.baidu.com:443/weatherwax - Cannot connect to: www.baidu.com:443
[22-01-12 15:08:56] - https://www.baidu.com:443/webimages2 - Cannot connect to: www.baidu.com:443
[22-01-12 15:08:56] - https://www.baidu.com:443/visionware - Cannot connect to: www.baidu.com:443
[22-01-12 15:08:56] - https://www.baidu.com:443/vermillion - Cannot connect to: www.baidu.com:443
[22-01-12 15:08:56] - https://www.baidu.com:443/validation - Cannot connect to: www.baidu.com:443
[22-01-12 15:08:56] - https://www.baidu.com:443/willamette - Cannot connect to: www.baidu.com:443
[22-01-12 15:08:56] - https://www.baidu.com:443/wittenberg - Cannot connect to: www.baidu.com:443
[22-01-12 15:08:56] - https://www.baidu.com:443/versteegcw - Cannot connect to: www.baidu.com:443
[22-01-12 15:08:56] - https://www.baidu.com:443/virtualimg - Cannot connect to: www.baidu.com:443
[22-01-12 15:08:56] - https://www.baidu.com:443/utsunomiya - Cannot connect to: www.baidu.com:443
[22-01-12 15:08:56] - https://www.baidu.com:443/volleyball - Cannot connect to: www.baidu.com:443
[22-01-12 15:08:56] - https://www.baidu.com:443/vaxstation - Cannot connect to: www.baidu.com:443