
[21-11-08 13:07:28] - http://plusone.17xueba.com:9010/plugin - Cannot connect to: plusone.17xueba.com:9010
[21-11-08 13:07:28] - http://plusone.17xueba.com:9010/security - Cannot connect to: plusone.17xueba.com:9010
[21-11-08 13:07:28] - http://plusone.17xueba.com:9010/setting - Cannot connect to: plusone.17xueba.com:9010
[21-11-08 13:07:28] - http://plusone.17xueba.com:9010/magic - Cannot connect to: plusone.17xueba.com:9010
[21-11-08 13:07:28] - http://plusone.17xueba.com:9010/rtl - Cannot connect to: plusone.17xueba.com:9010
[21-11-08 13:07:36] - http://plusone.17xueba.com:9010/mackx - Cannot connect to: plusone.17xueba.com:9010
[21-11-08 13:07:36] - http://plusone.17xueba.com:9010/macnet - Cannot connect to: plusone.17xueba.com:9010
[21-11-08 13:07:40] - http://plusone.17xueba.com:9010/bwsun - Cannot connect to: plusone.17xueba.com:9010
[21-11-08 13:07:41] - http://plusone.17xueba.com:9010/batman - Cannot connect to: plusone.17xueba.com:9010
[21-11-08 13:07:41] - http://plusone.17xueba.com:9010/barry - Cannot connect to: plusone.17xueba.com:9010
[21-11-08 13:07:42] - http://plusone.17xueba.com:9010/lucene - Cannot connect to: plusone.17xueba.com:9010
[21-11-08 13:07:42] - http://plusone.17xueba.com:9010/interneka - Cannot connect to: plusone.17xueba.com:9010
[21-11-08 13:07:42] - http://plusone.17xueba.com:9010/lang - Cannot connect to: plusone.17xueba.com:9010
[21-11-08 13:07:43] - http://plusone.17xueba.com:9010/zb41 - Cannot connect to: plusone.17xueba.com:9010
[21-11-08 13:07:46] - http://plusone.17xueba.com:9010/tisw - Cannot connect to: plusone.17xueba.com:9010
[21-11-08 13:07:48] - http://plusone.17xueba.com:9010/sfoclan0 - Cannot connect to: plusone.17xueba.com:9010
[21-11-08 13:07:48] - http://plusone.17xueba.com:9010/sfoclan8 - Cannot connect to: plusone.17xueba.com:9010
[21-11-08 13:07:49] - http://plusone.17xueba.com:9010/reservations - Cannot connect to: plusone.17xueba.com:9010
[21-11-08 13:07:53] - http://plusone.17xueba.com:9010/admin123789 - Cannot connect to: plusone.17xueba.com:9010
[21-11-08 13:07:53] - http://plusone.17xueba.com:9010/adminaccess - Cannot connect to: plusone.17xueba.com:9010
[21-11-08 13:07:58] - http://plusone.17xueba.com:9010/lectures - Cannot connect to: plusone.17xueba.com:9010
[21-11-08 13:07:58] - http://plusone.17xueba.com:9010/katmai - Cannot connect to: plusone.17xueba.com:9010
[21-11-08 13:08:02] - http://plusone.17xueba.com:9010/fotlanls - Cannot connect to: plusone.17xueba.com:9010
[21-11-08 13:08:06] - http://plusone.17xueba.com:9010/cocoa - Cannot connect to: plusone.17xueba.com:9010
[21-11-08 13:08:06] - http://plusone.17xueba.com:9010/coccyx - Cannot connect to: plusone.17xueba.com:9010
[21-11-08 13:08:09] - http://plusone.17xueba.com:9010/aragonet - Cannot connect to: plusone.17xueba.com:9010
[21-11-08 13:08:09] - http://plusone.17xueba.com:9010/arcfl - Cannot connect to: plusone.17xueba.com:9010
[21-11-08 13:08:09] - http://plusone.17xueba.com:9010/arbor - Cannot connect to: plusone.17xueba.com:9010
[21-11-08 13:08:09] - http://plusone.17xueba.com:9010/andar - Cannot connect to: plusone.17xueba.com:9010
[21-11-08 13:08:11] - http://plusone.17xueba.com:9010/yum_commands_files - Cannot connect to: plusone.17xueba.com:9010
[21-11-08 13:08:11] - http://plusone.17xueba.com:9010/www.drwelectric.com/ - Cannot connect to: plusone.17xueba.com:9010
[21-11-08 13:08:11] - http://plusone.17xueba.com:9010/www.mbbac.org/ - Cannot connect to: plusone.17xueba.com:9010
[21-11-08 13:08:13] - http://plusone.17xueba.com:9010/magpie - Cannot connect to: plusone.17xueba.com:9010
[21-11-08 13:08:13] - http://plusone.17xueba.com:9010/mail_cpu - Cannot connect to: plusone.17xueba.com:9010
[21-11-08 13:08:14] - http://plusone.17xueba.com:9010/flvplayer - Cannot connect to: plusone.17xueba.com:9010
[21-11-08 13:08:14] - http://plusone.17xueba.com:9010/fooloo - Cannot connect to: plusone.17xueba.com:9010
[21-11-08 13:08:14] - http://plusone.17xueba.com:9010/flashvideo - Cannot connect to: plusone.17xueba.com:9010
[21-11-08 13:08:16] - http://plusone.17xueba.com:9010/rounded - Cannot connect to: plusone.17xueba.com:9010
[21-11-08 13:08:16] - http://plusone.17xueba.com:9010/rootdse - Cannot connect to: plusone.17xueba.com:9010
[21-11-08 13:08:16] - http://plusone.17xueba.com:9010/rus - Cannot connect to: plusone.17xueba.com:9010
[21-11-08 13:08:16] - http://plusone.17xueba.com:9010/routes - Cannot connect to: plusone.17xueba.com:9010
[21-11-08 13:08:16] - http://plusone.17xueba.com:9010/rusfull - Cannot connect to: plusone.17xueba.com:9010
[21-11-08 13:08:17] - http://plusone.17xueba.com:9010/hanna_mary_2 - Cannot connect to: plusone.17xueba.com:9010
[21-11-08 13:08:21] - http://plusone.17xueba.com:9010/000102 - Cannot connect to: plusone.17xueba.com:9010
[21-11-08 13:08:21] - http://plusone.17xueba.com:9010/000098 - Cannot connect to: plusone.17xueba.com:9010
[21-11-08 13:08:21] - http://plusone.17xueba.com:9010/000107 - Cannot connect to: plusone.17xueba.com:9010
[21-11-08 13:08:26] - http://plusone.17xueba.com:9010/admin_search_ip.html - Cannot connect to: plusone.17xueba.com:9010
[21-11-08 13:08:28] - http://plusone.17xueba.com:9010/bitrix/cache - Cannot connect to: plusone.17xueba.com:9010
[21-11-08 13:08:28] - http://plusone.17xueba.com:9010/bitrix/settings - Cannot connect to: plusone.17xueba.com:9010
[21-11-08 13:08:28] - http://plusone.17xueba.com:9010/bitrix/modules/updater_partner.log - Cannot connect to: plusone.17xueba.com:9010
[21-11-08 13:08:30] - http://plusone.17xueba.com:9010/debug/pprof - Cannot connect to: plusone.17xueba.com:9010
[21-11-08 13:08:30] - http://plusone.17xueba.com:9010/de.aspx - Cannot connect to: plusone.17xueba.com:9010
[21-11-08 13:08:30] - http://plusone.17xueba.com:9010/debug/ - Cannot connect to: plusone.17xueba.com:9010
[21-11-08 13:08:32] - http://plusone.17xueba.com:9010/index_admin.jspx - Cannot connect to: plusone.17xueba.com:9010
[21-11-08 13:08:33] - http://plusone.17xueba.com:9010/manager/ - Cannot connect to: plusone.17xueba.com:9010
[21-11-08 13:08:34] - http://plusone.17xueba.com:9010/ospfd.conf - Cannot connect to: plusone.17xueba.com:9010
[21-11-08 13:08:34] - http://plusone.17xueba.com:9010/out.txt - Cannot connect to: plusone.17xueba.com:9010
[21-11-08 13:08:34] - http://plusone.17xueba.com:9010/panel-administracion/login - Cannot connect to: plusone.17xueba.com:9010
[21-11-08 13:08:40] - http://plusone.17xueba.com:9010/3d_exhibits1.php - Cannot connect to: plusone.17xueba.com:9010
[21-11-08 13:08:40] - http://plusone.17xueba.com:9010/text.php - Cannot connect to: plusone.17xueba.com:9010
[21-11-08 13:08:40] - http://plusone.17xueba.com:9010/3d_exhibits.php - Cannot connect to: plusone.17xueba.com:9010
[21-11-08 13:08:42] - http://plusone.17xueba.com:9010/rewrite.php - Cannot connect to: plusone.17xueba.com:9010
[21-11-08 13:08:42] - http://plusone.17xueba.com:9010/robotstxt.js - Cannot connect to: plusone.17xueba.com:9010
[21-11-08 13:08:42] - http://plusone.17xueba.com:9010/server_import.php - Cannot connect to: plusone.17xueba.com:9010
[21-11-08 13:08:42] - http://plusone.17xueba.com:9010/server_sql.php - Cannot connect to: plusone.17xueba.com:9010
[21-11-08 13:08:42] - http://plusone.17xueba.com:9010/server_variables.php - Cannot connect to: plusone.17xueba.com:9010
[21-11-08 13:08:42] - http://plusone.17xueba.com:9010/schema.php - Cannot connect to: plusone.17xueba.com:9010
[21-11-08 13:08:42] - http://plusone.17xueba.com:9010/russian.php - Cannot connect to: plusone.17xueba.com:9010
[21-11-08 13:08:42] - http://plusone.17xueba.com:9010/rokcandy.php - Cannot connect to: plusone.17xueba.com:9010
[21-11-08 13:08:42] - http://plusone.17xueba.com:9010/revision.php - Cannot connect to: plusone.17xueba.com:9010
[21-11-08 13:08:44] - http://plusone.17xueba.com:9010/heal0021.aas - Cannot connect to: plusone.17xueba.com:9010