
[22-01-06 14:20:00] - https://www.baidu.com:443/articleweb - Cannot connect to: www.baidu.com:443
[22-01-06 14:20:00] - https://www.baidu.com:443/connectors - Cannot connect to: www.baidu.com:443
[22-01-06 14:20:00] - https://www.baidu.com:443/office2003 - Cannot connect to: www.baidu.com:443
[22-01-06 14:20:00] - https://www.baidu.com:443/simpletest - Cannot connect to: www.baidu.com:443
[22-01-06 14:20:01] - https://www.baidu.com:443/backupdata - Cannot connect to: www.baidu.com:443
[22-01-06 14:20:01] - https://www.baidu.com:443/extensions - Cannot connect to: www.baidu.com:443
[22-01-06 14:20:01] - https://www.baidu.com:443/iissamples - Cannot connect to: www.baidu.com:443
[22-01-06 14:20:01] - https://www.baidu.com:443/categories - Cannot connect to: www.baidu.com:443
[22-01-06 14:20:01] - https://www.baidu.com:443/javascript - Cannot connect to: www.baidu.com:443
[22-01-06 14:20:01] - https://www.baidu.com:443/components - Cannot connect to: www.baidu.com:443
[22-01-06 14:20:01] - https://www.baidu.com:443/repository - Cannot connect to: www.baidu.com:443
[22-01-06 14:20:01] - https://www.baidu.com:443/fullscreen - Cannot connect to: www.baidu.com:443
[22-01-06 14:20:01] - https://www.baidu.com:443/rvscompodb - Cannot connect to: www.baidu.com:443
[22-01-06 14:20:01] - https://www.baidu.com:443/interfaces - Cannot connect to: www.baidu.com:443
[22-01-06 14:20:01] - https://www.baidu.com:443/exampleapp - Cannot connect to: www.baidu.com:443
[22-01-06 14:20:02] - https://www.baidu.com:443/spryassets - Cannot connect to: www.baidu.com:443
[22-01-06 14:20:02] - https://www.baidu.com:443/xhtmlxtras - Cannot connect to: www.baidu.com:443
[22-01-06 14:20:02] - https://www.baidu.com:443/thumbnails - Cannot connect to: www.baidu.com:443
[22-01-06 14:20:03] - https://www.baidu.com:443/whatisthis - Cannot connect to: www.baidu.com:443
[22-01-06 14:20:03] - https://www.baidu.com:443/jscalendar - Cannot connect to: www.baidu.com:443
[22-01-06 14:20:03] - https://www.baidu.com:443/filesystem - Cannot connect to: www.baidu.com:443
[22-01-06 14:20:03] - https://www.baidu.com:443/membership - Cannot connect to: www.baidu.com:443
[22-01-06 14:20:03] - https://www.baidu.com:443/phpmyadmin - Cannot connect to: www.baidu.com:443
[22-01-06 14:20:03] - https://www.baidu.com:443/accounting - Cannot connect to: www.baidu.com:443
[22-01-06 14:20:05] - https://www.baidu.com:443/adminfiles - Cannot connect to: www.baidu.com:443
[22-01-06 14:20:05] - https://www.baidu.com:443/background - Cannot connect to: www.baidu.com:443
[22-01-06 14:20:05] - https://www.baidu.com:443/cgiscripts - Cannot connect to: www.baidu.com:443
[22-01-06 14:20:05] - https://www.baidu.com:443/centosplus - Cannot connect to: www.baidu.com:443
[22-01-06 14:20:06] - https://www.baidu.com:443/newsletter - Cannot connect to: www.baidu.com:443
[22-01-06 14:20:06] - https://www.baidu.com:443/howitworks - Cannot connect to: www.baidu.com:443
[22-01-06 14:20:06] - https://www.baidu.com:443/jellystone - Cannot connect to: www.baidu.com:443
[22-01-06 14:20:07] - https://www.baidu.com:443/f - Cannot connect to: www.baidu.com:443
[22-01-06 14:20:07] - https://www.baidu.com:443/f - Cannot connect to: www.baidu.com:443
[22-01-06 14:20:07] - https://www.baidu.com:443/libimaging - Cannot connect to: www.baidu.com:443
[22-01-06 14:20:07] - https://www.baidu.com:443/phpmyadmin - Cannot connect to: www.baidu.com:443
[22-01-06 14:20:07] - https://www.baidu.com:443/supercache - Cannot connect to: www.baidu.com:443