
[21-09-26 11:41:56] - http://www.baidu.com:80/articleweb - Cannot connect to: www.baidu.com:80
[21-09-26 11:41:56] - http://www.baidu.com:80/repository - Cannot connect to: www.baidu.com:80
[21-09-26 11:41:56] - http://www.baidu.com:80/extensions - Cannot connect to: www.baidu.com:80
[21-09-26 11:41:56] - http://www.baidu.com:80/office2003 - Cannot connect to: www.baidu.com:80
[21-09-26 11:41:56] - http://www.baidu.com:80/connectors - Cannot connect to: www.baidu.com:80
[21-09-26 11:41:56] - http://www.baidu.com:80/javascript - Cannot connect to: www.baidu.com:80
[21-09-26 11:41:56] - http://www.baidu.com:80/simpletest - Cannot connect to: www.baidu.com:80
[21-09-26 11:41:56] - http://www.baidu.com:80/iissamples - Cannot connect to: www.baidu.com:80
[21-09-26 11:41:56] - http://www.baidu.com:80/components - Cannot connect to: www.baidu.com:80
[21-09-26 11:41:56] - http://www.baidu.com:80/categories - Cannot connect to: www.baidu.com:80
[21-09-26 11:41:56] - http://www.baidu.com:80/fullscreen - Cannot connect to: www.baidu.com:80
[21-09-26 11:41:56] - http://www.baidu.com:80/rvscompodb - Cannot connect to: www.baidu.com:80
[21-09-26 11:41:56] - http://www.baidu.com:80/interfaces - Cannot connect to: www.baidu.com:80
[21-09-26 11:41:56] - http://www.baidu.com:80/spryassets - Cannot connect to: www.baidu.com:80
[21-09-26 11:41:56] - http://www.baidu.com:80/exampleapp - Cannot connect to: www.baidu.com:80
[21-09-26 11:41:56] - http://www.baidu.com:80/backupdata - Cannot connect to: www.baidu.com:80
[21-09-26 11:41:57] - http://www.baidu.com:80/xhtmlxtras - Cannot connect to: www.baidu.com:80
[21-09-26 11:41:57] - http://www.baidu.com:80/phpmyadmin - Cannot connect to: www.baidu.com:80
[21-09-26 11:41:57] - http://www.baidu.com:80/thumbnails - Cannot connect to: www.baidu.com:80
[21-09-26 11:41:57] - http://www.baidu.com:80/whatisthis - Cannot connect to: www.baidu.com:80
[21-09-26 11:41:57] - http://www.baidu.com:80/jscalendar - Cannot connect to: www.baidu.com:80
[21-09-26 11:41:57] - http://www.baidu.com:80/accounting - Cannot connect to: www.baidu.com:80
[21-09-26 11:41:57] - http://www.baidu.com:80/cgiscripts - Cannot connect to: www.baidu.com:80
[21-09-26 11:41:57] - http://www.baidu.com:80/adminfiles - Cannot connect to: www.baidu.com:80
[21-09-26 11:41:57] - http://www.baidu.com:80/filesystem - Cannot connect to: www.baidu.com:80
[21-09-26 11:41:57] - http://www.baidu.com:80/membership - Cannot connect to: www.baidu.com:80